<?xml version="1.0" encoding="utf-8" standalone="yes"?>
<Events><Event xmlns='http://schemas.microsoft.com/win/2004/08/events/event'><System><Provider Name='Microsoft-Windows-DriverFrameworks-UserMode' Guid='{2e35aaeb-857f-4beb-a418-2e6c0e54d988}'/><EventID>1008</EventID><Version>1</Version><Level>4</Level><Task>18</Task><Opcode>2</Opcode><Keywords>0x8000000000000000</Keywords><TimeCreated SystemTime='2026-03-25T02:54:32.9226386Z'/><EventRecordID>103</EventRecordID><Correlation/><Execution ProcessID='1800' ThreadID='1928'/><Channel>Microsoft-Windows-DriverFrameworks-UserMode/Operational</Channel><Computer>DESKTOP-JQBHE1O</Computer><Security UserID='S-1-5-18'/></System><UserData><UMDFDriverManagerHostShutdown xmlns='http://www.microsoft.com/DriverFrameworks/UserMode/Event'><LifetimeId>{f9c7427c-90f3-430d-a796-90b9589eb60b}</LifetimeId><TerminateStatus>0</TerminateStatus><ExitCode>0</ExitCode></UMDFDriverManagerHostShutdown></UserData></Event><Event xmlns='http://schemas.microsoft.com/win/2004/08/events/event'><System><Provider Name='Microsoft-Windows-DriverFrameworks-UserMode' Guid='{2e35aaeb-857f-4beb-a418-2e6c0e54d988}'/><EventID>2901</EventID><Version>1</Version><Level>4</Level><Task>41</Task><Opcode>2</Opcode><Keywords>0x8000000000000000</Keywords><TimeCreated SystemTime='2026-03-25T02:54:32.9174918Z'/><EventRecordID>102</EventRecordID><Correlation/><Execution ProcessID='29136' ThreadID='23476'/><Channel>Microsoft-Windows-DriverFrameworks-UserMode/Operational</Channel><Computer>DESKTOP-JQBHE1O</Computer><Security UserID='S-1-5-19'/></System><UserData><UMDFHostShutdown xmlns='http://www.microsoft.com/DriverFrameworks/UserMode/Event'><LifetimeId>{f9c7427c-90f3-430d-a796-90b9589eb60b}</LifetimeId></UMDFHostShutdown></UserData></Event><Event xmlns='http://schemas.microsoft.com/win/2004/08/events/event'><System><Provider Name='Microsoft-Windows-DriverFrameworks-UserMode' Guid='{2e35aaeb-857f-4beb-a418-2e6c0e54d988}'/><EventID>2900</EventID><Version>1</Version><Level>4</Level><Task>41</Task><Opcode>1</Opcode><Keywords>0x8000000000000000</Keywords><TimeCreated SystemTime='2026-03-25T02:54:32.9168311Z'/><EventRecordID>101</EventRecordID><Correlation/><Execution ProcessID='29136' ThreadID='36468'/><Channel>Microsoft-Windows-DriverFrameworks-UserMode/Operational</Channel><Computer>DESKTOP-JQBHE1O</Computer><Security UserID='S-1-5-19'/></System><UserData><UMDFHostShutdown xmlns='http://www.microsoft.com/DriverFrameworks/UserMode/Event'><LifetimeId>{f9c7427c-90f3-430d-a796-90b9589eb60b}</LifetimeId></UMDFHostShutdown></UserData></Event><Event xmlns='http://schemas.microsoft.com/win/2004/08/events/event'><System><Provider Name='Microsoft-Windows-DriverFrameworks-UserMode' Guid='{2e35aaeb-857f-4beb-a418-2e6c0e54d988}'/><EventID>1006</EventID><Version>1</Version><Level>4</Level><Task>18</Task><Opcode>1</Opcode><Keywords>0x8000000000000000</Keywords><TimeCreated SystemTime='2026-03-25T02:54:32.9167744Z'/><EventRecordID>100</EventRecordID><Correlation/><Execution ProcessID='1800' ThreadID='1928'/><Channel>Microsoft-Windows-DriverFrameworks-UserMode/Operational</Channel><Computer>DESKTOP-JQBHE1O</Computer><Security UserID='S-1-5-18'/></System><UserData><UMDFDriverManagerHostShutdown xmlns='http://www.microsoft.com/DriverFrameworks/UserMode/Event'><LifetimeId>{f9c7427c-90f3-430d-a796-90b9589eb60b}</LifetimeId></UMDFDriverManagerHostShutdown></UserData></Event><Event xmlns='http://schemas.microsoft.com/win/2004/08/events/event'><System><Provider Name='Microsoft-Windows-DriverFrameworks-UserMode' Guid='{2e35aaeb-857f-4beb-a418-2e6c0e54d988}'/><EventID>2102</EventID><Version>1</Version><Level>4</Level><Task>37</Task><Opcode>2</Opcode><Keywords>0x8000000000000000</Keywords><TimeCreated SystemTime='2026-03-25T02:54:32.9154363Z'/><EventRecordID>99</EventRecordID><Correlation/><Execution ProcessID='29136' ThreadID='36468'/><Channel>Microsoft-Windows-DriverFrameworks-UserMode/Operational</Channel><Computer>DESKTOP-JQBHE1O</Computer><Security UserID='S-1-5-19'/></System><UserData><UMDFHostDeviceRequest xmlns='http://www.microsoft.com/DriverFrameworks/UserMode/Event'><LifetimeId>{f9c7427c-90f3-430d-a796-90b9589eb60b}</LifetimeId><InstanceId>SWD\WPDBUSENUM\_??_USBSTOR#DISK&amp;VEN_RPI&amp;PROD_RP2350&amp;REV_1#7&amp;6C26A1B&amp;0&amp;DF979187C34F3120&amp;0#{53F56307-B6BF-11D0-94F2-00A0C91EFB8B}</InstanceId><RequestMajorCode>27</RequestMajorCode><RequestMinorCode>2</RequestMinorCode><Argument1>0x0</Argument1><Argument2>0x0</Argument2><Argument3>0x0</Argument3><Argument4>0x0</Argument4><Status>0</Status></UMDFHostDeviceRequest></UserData></Event><Event xmlns='http://schemas.microsoft.com/win/2004/08/events/event'><System><Provider Name='Microsoft-Windows-DriverFrameworks-UserMode' Guid='{2e35aaeb-857f-4beb-a418-2e6c0e54d988}'/><EventID>2100</EventID><Version>1</Version><Level>4</Level><Task>37</Task><Opcode>1</Opcode><Keywords>0x8000000000000000</Keywords><TimeCreated SystemTime='2026-03-25T02:54:32.9153686Z'/><EventRecordID>98</EventRecordID><Correlation/><Execution ProcessID='29136' ThreadID='36468'/><Channel>Microsoft-Windows-DriverFrameworks-UserMode/Operational</Channel><Computer>DESKTOP-JQBHE1O</Computer><Security UserID='S-1-5-19'/></System><UserData><UMDFHostDeviceRequest xmlns='http://www.microsoft.com/DriverFrameworks/UserMode/Event'><LifetimeId>{f9c7427c-90f3-430d-a796-90b9589eb60b}</LifetimeId><InstanceId>SWD\WPDBUSENUM\_??_USBSTOR#DISK&amp;VEN_RPI&amp;PROD_RP2350&amp;REV_1#7&amp;6C26A1B&amp;0&amp;DF979187C34F3120&amp;0#{53F56307-B6BF-11D0-94F2-00A0C91EFB8B}</InstanceId><RequestMajorCode>27</RequestMajorCode><RequestMinorCode>2</RequestMinorCode><Argument1>0x0</Argument1><Argument2>0x0</Argument2><Argument3>0x0</Argument3><Argument4>0x0</Argument4><Status>0</Status></UMDFHostDeviceRequest></UserData></Event><Event xmlns='http://schemas.microsoft.com/win/2004/08/events/event'><System><Provider Name='Microsoft-Windows-DriverFrameworks-UserMode' Guid='{2e35aaeb-857f-4beb-a418-2e6c0e54d988}'/><EventID>2102</EventID><Version>1</Version><Level>4</Level><Task>37</Task><Opcode>2</Opcode><Keywords>0x8000000000000000</Keywords><TimeCreated SystemTime='2026-03-25T02:54:28.9435168Z'/><EventRecordID>97</EventRecordID><Correlation/><Execution ProcessID='2312' ThreadID='34564'/><Channel>Microsoft-Windows-DriverFrameworks-UserMode/Operational</Channel><Computer>DESKTOP-JQBHE1O</Computer><Security UserID='S-1-5-19'/></System><UserData><UMDFHostDeviceRequest xmlns='http://www.microsoft.com/DriverFrameworks/UserMode/Event'><LifetimeId>{d2579334-3cf5-42d4-ac72-cbc209eb8796}</LifetimeId><InstanceId>HID\VID_0B05&amp;PID_19B6&amp;MI_00&amp;COL09\7&amp;8BFCE01&amp;0&amp;0008</InstanceId><RequestMajorCode>22</RequestMajorCode><RequestMinorCode>2</RequestMinorCode><Argument1>0x100000000</Argument1><Argument2>0x3</Argument2><Argument3>0x0</Argument3><Argument4>0x0</Argument4><Status>3221225659</Status></UMDFHostDeviceRequest></UserData></Event><Event xmlns='http://schemas.microsoft.com/win/2004/08/events/event'><System><Provider Name='Microsoft-Windows-DriverFrameworks-UserMode' Guid='{2e35aaeb-857f-4beb-a418-2e6c0e54d988}'/><EventID>2100</EventID><Version>1</Version><Level>4</Level><Task>37</Task><Opcode>1</Opcode><Keywords>0x8000000000000000</Keywords><TimeCreated SystemTime='2026-03-25T02:54:28.9434673Z'/><EventRecordID>96</EventRecordID><Correlation/><Execution ProcessID='2312' ThreadID='34564'/><Channel>Microsoft-Windows-DriverFrameworks-UserMode/Operational</Channel><Computer>DESKTOP-JQBHE1O</Computer><Security UserID='S-1-5-19'/></System><UserData><UMDFHostDeviceRequest xmlns='http://www.microsoft.com/DriverFrameworks/UserMode/Event'><LifetimeId>{d2579334-3cf5-42d4-ac72-cbc209eb8796}</LifetimeId><InstanceId>HID\VID_0B05&amp;PID_19B6&amp;MI_00&amp;COL09\7&amp;8BFCE01&amp;0&amp;0008</InstanceId><RequestMajorCode>22</RequestMajorCode><RequestMinorCode>2</RequestMinorCode><Argument1>0x100000000</Argument1><Argument2>0x3</Argument2><Argument3>0x0</Argument3><Argument4>0x0</Argument4><Status>3221225659</Status></UMDFHostDeviceRequest></UserData></Event><Event xmlns='http://schemas.microsoft.com/win/2004/08/events/event'><System><Provider Name='Microsoft-Windows-DriverFrameworks-UserMode' Guid='{2e35aaeb-857f-4beb-a418-2e6c0e54d988}'/><EventID>2102</EventID><Version>1</Version><Level>4</Level><Task>37</Task><Opcode>2</Opcode><Keywords>0x8000000000000000</Keywords><TimeCreated SystemTime='2026-03-25T02:54:22.9825030Z'/><EventRecordID>95</EventRecordID><Correlation/><Execution ProcessID='29136' ThreadID='36468'/><Channel>Microsoft-Windows-DriverFrameworks-UserMode/Operational</Channel><Computer>DESKTOP-JQBHE1O</Computer><Security UserID='S-1-5-19'/></System><UserData><UMDFHostDeviceRequest xmlns='http://www.microsoft.com/DriverFrameworks/UserMode/Event'><LifetimeId>{f9c7427c-90f3-430d-a796-90b9589eb60b}</LifetimeId><InstanceId>SWD\WPDBUSENUM\_??_USBSTOR#DISK&amp;VEN_RPI&amp;PROD_RP2350&amp;REV_1#7&amp;6C26A1B&amp;0&amp;DF979187C34F3120&amp;0#{53F56307-B6BF-11D0-94F2-00A0C91EFB8B}</InstanceId><RequestMajorCode>27</RequestMajorCode><RequestMinorCode>23</RequestMinorCode><Argument1>0x0</Argument1><Argument2>0x0</Argument2><Argument3>0x0</Argument3><Argument4>0x0</Argument4><Status>0</Status></UMDFHostDeviceRequest></UserData></Event><Event xmlns='http://schemas.microsoft.com/win/2004/08/events/event'><System><Provider Name='Microsoft-Windows-DriverFrameworks-UserMode' Guid='{2e35aaeb-857f-4beb-a418-2e6c0e54d988}'/><EventID>2100</EventID><Version>1</Version><Level>4</Level><Task>37</Task><Opcode>1</Opcode><Keywords>0x8000000000000000</Keywords><TimeCreated SystemTime='2026-03-25T02:54:22.9813103Z'/><EventRecordID>94</EventRecordID><Correlation/><Execution ProcessID='29136' ThreadID='36468'/><Channel>Microsoft-Windows-DriverFrameworks-UserMode/Operational</Channel><Computer>DESKTOP-JQBHE1O</Computer><Security UserID='S-1-5-19'/></System><UserData><UMDFHostDeviceRequest xmlns='http://www.microsoft.com/DriverFrameworks/UserMode/Event'><LifetimeId>{f9c7427c-90f3-430d-a796-90b9589eb60b}</LifetimeId><InstanceId>SWD\WPDBUSENUM\_??_USBSTOR#DISK&amp;VEN_RPI&amp;PROD_RP2350&amp;REV_1#7&amp;6C26A1B&amp;0&amp;DF979187C34F3120&amp;0#{53F56307-B6BF-11D0-94F2-00A0C91EFB8B}</InstanceId><RequestMajorCode>27</RequestMajorCode><RequestMinorCode>23</RequestMinorCode><Argument1>0x0</Argument1><Argument2>0x0</Argument2><Argument3>0x0</Argument3><Argument4>0x0</Argument4><Status>0</Status></UMDFHostDeviceRequest></UserData></Event><Event xmlns='http://schemas.microsoft.com/win/2004/08/events/event'><System><Provider Name='Microsoft-Windows-DriverFrameworks-UserMode' Guid='{2e35aaeb-857f-4beb-a418-2e6c0e54d988}'/><EventID>2101</EventID><Version>1</Version><Level>4</Level><Task>37</Task><Opcode>2</Opcode><Keywords>0x8000000000000000</Keywords><TimeCreated SystemTime='2026-03-25T02:54:18.1571404Z'/><EventRecordID>93</EventRecordID><Correlation/><Execution ProcessID='2312' ThreadID='34564'/><Channel>Microsoft-Windows-DriverFrameworks-UserMode/Operational</Channel><Computer>DESKTOP-JQBHE1O</Computer><Security UserID='S-1-5-19'/></System><UserData><UMDFHostDeviceRequest xmlns='http://www.microsoft.com/DriverFrameworks/UserMode/Event'><LifetimeId>{d2579334-3cf5-42d4-ac72-cbc209eb8796}</LifetimeId><InstanceId>HID\VID_0B05&amp;PID_19B6&amp;MI_00&amp;COL09\7&amp;8BFCE01&amp;0&amp;0008</InstanceId><RequestMajorCode>22</RequestMajorCode><RequestMinorCode>2</RequestMinorCode><Argument1>0x100000000</Argument1><Argument2>0x1</Argument2><Argument3>0x100000000</Argument3><Argument4>0x1</Argument4><Status>0</Status></UMDFHostDeviceRequest></UserData></Event><Event xmlns='http://schemas.microsoft.com/win/2004/08/events/event'><System><Provider Name='Microsoft-Windows-DriverFrameworks-UserMode' Guid='{2e35aaeb-857f-4beb-a418-2e6c0e54d988}'/><EventID>2106</EventID><Version>1</Version><Level>4</Level><Task>37</Task><Opcode>1</Opcode><Keywords>0x8000000000000000</Keywords><TimeCreated SystemTime='2026-03-25T02:54:18.1571038Z'/><EventRecordID>92</EventRecordID><Correlation/><Execution ProcessID='2312' ThreadID='34564'/><Channel>Microsoft-Windows-DriverFrameworks-UserMode/Operational</Channel><Computer>DESKTOP-JQBHE1O</Computer><Security UserID='S-1-5-19'/></System><UserData><UMDFHostDeviceRequest xmlns='http://www.microsoft.com/DriverFrameworks/UserMode/Event'><LifetimeId>{d2579334-3cf5-42d4-ac72-cbc209eb8796}</LifetimeId><InstanceId>HID\VID_0B05&amp;PID_19B6&amp;MI_00&amp;COL09\7&amp;8BFCE01&amp;0&amp;0008</InstanceId><RequestMajorCode>22</RequestMajorCode><RequestMinorCode>2</RequestMinorCode><Argument1>0x100000000</Argument1><Argument2>0x1</Argument2><Argument3>0x0</Argument3><Argument4>0x0</Argument4><Status>0</Status></UMDFHostDeviceRequest></UserData></Event><Event xmlns='http://schemas.microsoft.com/win/2004/08/events/event'><System><Provider Name='Microsoft-Windows-DriverFrameworks-UserMode' Guid='{2e35aaeb-857f-4beb-a418-2e6c0e54d988}'/><EventID>2105</EventID><Version>1</Version><Level>4</Level><Task>37</Task><Opcode>1</Opcode><Keywords>0x8000000000000000</Keywords><TimeCreated SystemTime='2026-03-25T02:54:18.1570648Z'/><EventRecordID>91</EventRecordID><Correlation/><Execution ProcessID='2312' ThreadID='7092'/><Channel>Microsoft-Windows-DriverFrameworks-UserMode/Operational</Channel><Computer>DESKTOP-JQBHE1O</Computer><Security UserID='S-1-5-19'/></System><UserData><UMDFHostDeviceRequest xmlns='http://www.microsoft.com/DriverFrameworks/UserMode/Event'><LifetimeId>{d2579334-3cf5-42d4-ac72-cbc209eb8796}</LifetimeId><InstanceId>HID\VID_0B05&amp;PID_19B6&amp;MI_00&amp;COL09\7&amp;8BFCE01&amp;0&amp;0008</InstanceId><RequestMajorCode>22</RequestMajorCode><RequestMinorCode>2</RequestMinorCode><Argument1>0x100000000</Argument1><Argument2>0x1</Argument2><Argument3>0x0</Argument3><Argument4>0x0</Argument4><Status>3221225659</Status></UMDFHostDeviceRequest></UserData></Event><Event xmlns='http://schemas.microsoft.com/win/2004/08/events/event'><System><Provider Name='Microsoft-Windows-DriverFrameworks-UserMode' Guid='{2e35aaeb-857f-4beb-a418-2e6c0e54d988}'/><EventID>2100</EventID><Version>1</Version><Level>4</Level><Task>37</Task><Opcode>1</Opcode><Keywords>0x8000000000000000</Keywords><TimeCreated SystemTime='2026-03-25T02:54:18.1570468Z'/><EventRecordID>90</EventRecordID><Correlation/><Execution ProcessID='2312' ThreadID='7092'/><Channel>Microsoft-Windows-DriverFrameworks-UserMode/Operational</Channel><Computer>DESKTOP-JQBHE1O</Computer><Security UserID='S-1-5-19'/></System><UserData><UMDFHostDeviceRequest xmlns='http://www.microsoft.com/DriverFrameworks/UserMode/Event'><LifetimeId>{d2579334-3cf5-42d4-ac72-cbc209eb8796}</LifetimeId><InstanceId>HID\VID_0B05&amp;PID_19B6&amp;MI_00&amp;COL09\7&amp;8BFCE01&amp;0&amp;0008</InstanceId><RequestMajorCode>22</RequestMajorCode><RequestMinorCode>2</RequestMinorCode><Argument1>0x100000000</Argument1><Argument2>0x1</Argument2><Argument3>0x0</Argument3><Argument4>0x0</Argument4><Status>3221225659</Status></UMDFHostDeviceRequest></UserData></Event><Event xmlns='http://schemas.microsoft.com/win/2004/08/events/event'><System><Provider Name='Microsoft-Windows-DriverFrameworks-UserMode' Guid='{2e35aaeb-857f-4beb-a418-2e6c0e54d988}'/><EventID>2102</EventID><Version>1</Version><Level>4</Level><Task>37</Task><Opcode>2</Opcode><Keywords>0x8000000000000000</Keywords><TimeCreated SystemTime='2026-03-25T02:54:16.0569889Z'/><EventRecordID>89</EventRecordID><Correlation/><Execution ProcessID='2312' ThreadID='7092'/><Channel>Microsoft-Windows-DriverFrameworks-UserMode/Operational</Channel><Computer>DESKTOP-JQBHE1O</Computer><Security UserID='S-1-5-19'/></System><UserData><UMDFHostDeviceRequest xmlns='http://www.microsoft.com/DriverFrameworks/UserMode/Event'><LifetimeId>{d2579334-3cf5-42d4-ac72-cbc209eb8796}</LifetimeId><InstanceId>HID\VID_0B05&amp;PID_19B6&amp;MI_00&amp;COL09\7&amp;8BFCE01&amp;0&amp;0008</InstanceId><RequestMajorCode>22</RequestMajorCode><RequestMinorCode>2</RequestMinorCode><Argument1>0x100000000</Argument1><Argument2>0x3</Argument2><Argument3>0x0</Argument3><Argument4>0x0</Argument4><Status>3221225659</Status></UMDFHostDeviceRequest></UserData></Event><Event xmlns='http://schemas.microsoft.com/win/2004/08/events/event'><System><Provider Name='Microsoft-Windows-DriverFrameworks-UserMode' Guid='{2e35aaeb-857f-4beb-a418-2e6c0e54d988}'/><EventID>2100</EventID><Version>1</Version><Level>4</Level><Task>37</Task><Opcode>1</Opcode><Keywords>0x8000000000000000</Keywords><TimeCreated SystemTime='2026-03-25T02:54:16.0569331Z'/><EventRecordID>88</EventRecordID><Correlation/><Execution ProcessID='2312' ThreadID='7092'/><Channel>Microsoft-Windows-DriverFrameworks-UserMode/Operational</Channel><Computer>DESKTOP-JQBHE1O</Computer><Security UserID='S-1-5-19'/></System><UserData><UMDFHostDeviceRequest xmlns='http://www.microsoft.com/DriverFrameworks/UserMode/Event'><LifetimeId>{d2579334-3cf5-42d4-ac72-cbc209eb8796}</LifetimeId><InstanceId>HID\VID_0B05&amp;PID_19B6&amp;MI_00&amp;COL09\7&amp;8BFCE01&amp;0&amp;0008</InstanceId><RequestMajorCode>22</RequestMajorCode><RequestMinorCode>2</RequestMinorCode><Argument1>0x100000000</Argument1><Argument2>0x3</Argument2><Argument3>0x0</Argument3><Argument4>0x0</Argument4><Status>3221225659</Status></UMDFHostDeviceRequest></UserData></Event><Event xmlns='http://schemas.microsoft.com/win/2004/08/events/event'><System><Provider Name='Microsoft-Windows-DriverFrameworks-UserMode' Guid='{2e35aaeb-857f-4beb-a418-2e6c0e54d988}'/><EventID>2101</EventID><Version>1</Version><Level>4</Level><Task>37</Task><Opcode>2</Opcode><Keywords>0x8000000000000000</Keywords><TimeCreated SystemTime='2026-03-25T02:54:11.2299675Z'/><EventRecordID>87</EventRecordID><Correlation/><Execution ProcessID='29136' ThreadID='36468'/><Channel>Microsoft-Windows-DriverFrameworks-UserMode/Operational</Channel><Computer>DESKTOP-JQBHE1O</Computer><Security UserID='S-1-5-19'/></System><UserData><UMDFHostDeviceRequest xmlns='http://www.microsoft.com/DriverFrameworks/UserMode/Event'><LifetimeId>{f9c7427c-90f3-430d-a796-90b9589eb60b}</LifetimeId><InstanceId>SWD\WPDBUSENUM\_??_USBSTOR#DISK&amp;VEN_RPI&amp;PROD_RP2350&amp;REV_1#7&amp;6C26A1B&amp;0&amp;DF979187C34F3120&amp;0#{53F56307-B6BF-11D0-94F2-00A0C91EFB8B}</InstanceId><RequestMajorCode>27</RequestMajorCode><RequestMinorCode>20</RequestMinorCode><Argument1>0x0</Argument1><Argument2>0x141b</Argument2><Argument3>0x0</Argument3><Argument4>0x0</Argument4><Status>0</Status></UMDFHostDeviceRequest></UserData></Event><Event xmlns='http://schemas.microsoft.com/win/2004/08/events/event'><System><Provider Name='Microsoft-Windows-DriverFrameworks-UserMode' Guid='{2e35aaeb-857f-4beb-a418-2e6c0e54d988}'/><EventID>2106</EventID><Version>1</Version><Level>4</Level><Task>37</Task><Opcode>1</Opcode><Keywords>0x8000000000000000</Keywords><TimeCreated SystemTime='2026-03-25T02:54:11.2299657Z'/><EventRecordID>86</EventRecordID><Correlation/><Execution ProcessID='29136' ThreadID='36468'/><Channel>Microsoft-Windows-DriverFrameworks-UserMode/Operational</Channel><Computer>DESKTOP-JQBHE1O</Computer><Security UserID='S-1-5-19'/></System><UserData><UMDFHostDeviceRequest xmlns='http://www.microsoft.com/DriverFrameworks/UserMode/Event'><LifetimeId>{f9c7427c-90f3-430d-a796-90b9589eb60b}</LifetimeId><InstanceId>SWD\WPDBUSENUM\_??_USBSTOR#DISK&amp;VEN_RPI&amp;PROD_RP2350&amp;REV_1#7&amp;6C26A1B&amp;0&amp;DF979187C34F3120&amp;0#{53F56307-B6BF-11D0-94F2-00A0C91EFB8B}</InstanceId><RequestMajorCode>27</RequestMajorCode><RequestMinorCode>20</RequestMinorCode><Argument1>0x0</Argument1><Argument2>0x0</Argument2><Argument3>0x0</Argument3><Argument4>0x0</Argument4><Status>0</Status></UMDFHostDeviceRequest></UserData></Event><Event xmlns='http://schemas.microsoft.com/win/2004/08/events/event'><System><Provider Name='Microsoft-Windows-DriverFrameworks-UserMode' Guid='{2e35aaeb-857f-4beb-a418-2e6c0e54d988}'/><EventID>2105</EventID><Version>1</Version><Level>4</Level><Task>37</Task><Opcode>1</Opcode><Keywords>0x8000000000000000</Keywords><TimeCreated SystemTime='2026-03-25T02:54:11.2299500Z'/><EventRecordID>85</EventRecordID><Correlation/><Execution ProcessID='29136' ThreadID='36468'/><Channel>Microsoft-Windows-DriverFrameworks-UserMode/Operational</Channel><Computer>DESKTOP-JQBHE1O</Computer><Security UserID='S-1-5-19'/></System><UserData><UMDFHostDeviceRequest xmlns='http://www.microsoft.com/DriverFrameworks/UserMode/Event'><LifetimeId>{f9c7427c-90f3-430d-a796-90b9589eb60b}</LifetimeId><InstanceId>SWD\WPDBUSENUM\_??_USBSTOR#DISK&amp;VEN_RPI&amp;PROD_RP2350&amp;REV_1#7&amp;6C26A1B&amp;0&amp;DF979187C34F3120&amp;0#{53F56307-B6BF-11D0-94F2-00A0C91EFB8B}</InstanceId><RequestMajorCode>27</RequestMajorCode><RequestMinorCode>20</RequestMinorCode><Argument1>0x0</Argument1><Argument2>0x0</Argument2><Argument3>0x0</Argument3><Argument4>0x0</Argument4><Status>3221225659</Status></UMDFHostDeviceRequest></UserData></Event><Event xmlns='http://schemas.microsoft.com/win/2004/08/events/event'><System><Provider Name='Microsoft-Windows-DriverFrameworks-UserMode' Guid='{2e35aaeb-857f-4beb-a418-2e6c0e54d988}'/><EventID>2100</EventID><Version>1</Version><Level>4</Level><Task>37</Task><Opcode>1</Opcode><Keywords>0x8000000000000000</Keywords><TimeCreated SystemTime='2026-03-25T02:54:11.2299470Z'/><EventRecordID>84</EventRecordID><Correlation/><Execution ProcessID='29136' ThreadID='36468'/><Channel>Microsoft-Windows-DriverFrameworks-UserMode/Operational</Channel><Computer>DESKTOP-JQBHE1O</Computer><Security UserID='S-1-5-19'/></System><UserData><UMDFHostDeviceRequest xmlns='http://www.microsoft.com/DriverFrameworks/UserMode/Event'><LifetimeId>{f9c7427c-90f3-430d-a796-90b9589eb60b}</LifetimeId><InstanceId>SWD\WPDBUSENUM\_??_USBSTOR#DISK&amp;VEN_RPI&amp;PROD_RP2350&amp;REV_1#7&amp;6C26A1B&amp;0&amp;DF979187C34F3120&amp;0#{53F56307-B6BF-11D0-94F2-00A0C91EFB8B}</InstanceId><RequestMajorCode>27</RequestMajorCode><RequestMinorCode>20</RequestMinorCode><Argument1>0x0</Argument1><Argument2>0x0</Argument2><Argument3>0x0</Argument3><Argument4>0x0</Argument4><Status>3221225659</Status></UMDFHostDeviceRequest></UserData></Event><Event xmlns='http://schemas.microsoft.com/win/2004/08/events/event'><System><Provider Name='Microsoft-Windows-DriverFrameworks-UserMode' Guid='{2e35aaeb-857f-4beb-a418-2e6c0e54d988}'/><EventID>2101</EventID><Version>1</Version><Level>4</Level><Task>37</Task><Opcode>2</Opcode><Keywords>0x8000000000000000</Keywords><TimeCreated SystemTime='2026-03-25T02:54:11.2298906Z'/><EventRecordID>83</EventRecordID><Correlation/><Execution ProcessID='29136' ThreadID='38040'/><Channel>Microsoft-Windows-DriverFrameworks-UserMode/Operational</Channel><Computer>DESKTOP-JQBHE1O</Computer><Security UserID='S-1-5-19'/></System><UserData><UMDFHostDeviceRequest xmlns='http://www.microsoft.com/DriverFrameworks/UserMode/Event'><LifetimeId>{f9c7427c-90f3-430d-a796-90b9589eb60b}</LifetimeId><InstanceId>SWD\WPDBUSENUM\_??_USBSTOR#DISK&amp;VEN_RPI&amp;PROD_RP2350&amp;REV_1#7&amp;6C26A1B&amp;0&amp;DF979187C34F3120&amp;0#{53F56307-B6BF-11D0-94F2-00A0C91EFB8B}</InstanceId><RequestMajorCode>27</RequestMajorCode><RequestMinorCode>9</RequestMinorCode><Argument1>0x2c000010040</Argument1><Argument2>0xffffffffffffffff</Argument2><Argument3>0x100000000</Argument3><Argument4>0x400000004</Argument4><Status>0</Status></UMDFHostDeviceRequest></UserData></Event><Event xmlns='http://schemas.microsoft.com/win/2004/08/events/event'><System><Provider Name='Microsoft-Windows-DriverFrameworks-UserMode' Guid='{2e35aaeb-857f-4beb-a418-2e6c0e54d988}'/><EventID>2106</EventID><Version>1</Version><Level>4</Level><Task>37</Task><Opcode>1</Opcode><Keywords>0x8000000000000000</Keywords><TimeCreated SystemTime='2026-03-25T02:54:11.2298877Z'/><EventRecordID>82</EventRecordID><Correlation/><Execution ProcessID='29136' ThreadID='38040'/><Channel>Microsoft-Windows-DriverFrameworks-UserMode/Operational</Channel><Computer>DESKTOP-JQBHE1O</Computer><Security UserID='S-1-5-19'/></System><UserData><UMDFHostDeviceRequest xmlns='http://www.microsoft.com/DriverFrameworks/UserMode/Event'><LifetimeId>{f9c7427c-90f3-430d-a796-90b9589eb60b}</LifetimeId><InstanceId>SWD\WPDBUSENUM\_??_USBSTOR#DISK&amp;VEN_RPI&amp;PROD_RP2350&amp;REV_1#7&amp;6C26A1B&amp;0&amp;DF979187C34F3120&amp;0#{53F56307-B6BF-11D0-94F2-00A0C91EFB8B}</InstanceId><RequestMajorCode>27</RequestMajorCode><RequestMinorCode>9</RequestMinorCode><Argument1>0x10040</Argument1><Argument2>0xffffffffffffffff</Argument2><Argument3>0x0</Argument3><Argument4>0x0</Argument4><Status>0</Status></UMDFHostDeviceRequest></UserData></Event><Event xmlns='http://schemas.microsoft.com/win/2004/08/events/event'><System><Provider Name='Microsoft-Windows-DriverFrameworks-UserMode' Guid='{2e35aaeb-857f-4beb-a418-2e6c0e54d988}'/><EventID>2105</EventID><Version>1</Version><Level>4</Level><Task>37</Task><Opcode>1</Opcode><Keywords>0x8000000000000000</Keywords><TimeCreated SystemTime='2026-03-25T02:54:11.2298560Z'/><EventRecordID>81</EventRecordID><Correlation/><Execution ProcessID='29136' ThreadID='38040'/><Channel>Microsoft-Windows-DriverFrameworks-UserMode/Operational</Channel><Computer>DESKTOP-JQBHE1O</Computer><Security UserID='S-1-5-19'/></System><UserData><UMDFHostDeviceRequest xmlns='http://www.microsoft.com/DriverFrameworks/UserMode/Event'><LifetimeId>{f9c7427c-90f3-430d-a796-90b9589eb60b}</LifetimeId><InstanceId>SWD\WPDBUSENUM\_??_USBSTOR#DISK&amp;VEN_RPI&amp;PROD_RP2350&amp;REV_1#7&amp;6C26A1B&amp;0&amp;DF979187C34F3120&amp;0#{53F56307-B6BF-11D0-94F2-00A0C91EFB8B}</InstanceId><RequestMajorCode>27</RequestMajorCode><RequestMinorCode>9</RequestMinorCode><Argument1>0x10040</Argument1><Argument2>0xffffffffffffffff</Argument2><Argument3>0x0</Argument3><Argument4>0x0</Argument4><Status>3221225659</Status></UMDFHostDeviceRequest></UserData></Event><Event xmlns='http://schemas.microsoft.com/win/2004/08/events/event'><System><Provider Name='Microsoft-Windows-DriverFrameworks-UserMode' Guid='{2e35aaeb-857f-4beb-a418-2e6c0e54d988}'/><EventID>2100</EventID><Version>1</Version><Level>4</Level><Task>37</Task><Opcode>1</Opcode><Keywords>0x8000000000000000</Keywords><TimeCreated SystemTime='2026-03-25T02:54:11.2298359Z'/><EventRecordID>80</EventRecordID><Correlation/><Execution ProcessID='29136' ThreadID='38040'/><Channel>Microsoft-Windows-DriverFrameworks-UserMode/Operational</Channel><Computer>DESKTOP-JQBHE1O</Computer><Security UserID='S-1-5-19'/></System><UserData><UMDFHostDeviceRequest xmlns='http://www.microsoft.com/DriverFrameworks/UserMode/Event'><LifetimeId>{f9c7427c-90f3-430d-a796-90b9589eb60b}</LifetimeId><InstanceId>SWD\WPDBUSENUM\_??_USBSTOR#DISK&amp;VEN_RPI&amp;PROD_RP2350&amp;REV_1#7&amp;6C26A1B&amp;0&amp;DF979187C34F3120&amp;0#{53F56307-B6BF-11D0-94F2-00A0C91EFB8B}</InstanceId><RequestMajorCode>27</RequestMajorCode><RequestMinorCode>9</RequestMinorCode><Argument1>0x10040</Argument1><Argument2>0xffffffffffffffff</Argument2><Argument3>0x0</Argument3><Argument4>0x0</Argument4><Status>3221225659</Status></UMDFHostDeviceRequest></UserData></Event><Event xmlns='http://schemas.microsoft.com/win/2004/08/events/event'><System><Provider Name='Microsoft-Windows-DriverFrameworks-UserMode' Guid='{2e35aaeb-857f-4beb-a418-2e6c0e54d988}'/><EventID>2101</EventID><Version>1</Version><Level>4</Level><Task>37</Task><Opcode>2</Opcode><Keywords>0x8000000000000000</Keywords><TimeCreated SystemTime='2026-03-25T02:54:11.2297151Z'/><EventRecordID>79</EventRecordID><Correlation/><Execution ProcessID='29136' ThreadID='36468'/><Channel>Microsoft-Windows-DriverFrameworks-UserMode/Operational</Channel><Computer>DESKTOP-JQBHE1O</Computer><Security UserID='S-1-5-19'/></System><UserData><UMDFHostDeviceRequest xmlns='http://www.microsoft.com/DriverFrameworks/UserMode/Event'><LifetimeId>{f9c7427c-90f3-430d-a796-90b9589eb60b}</LifetimeId><InstanceId>SWD\WPDBUSENUM\_??_USBSTOR#DISK&amp;VEN_RPI&amp;PROD_RP2350&amp;REV_1#7&amp;6C26A1B&amp;0&amp;DF979187C34F3120&amp;0#{53F56307-B6BF-11D0-94F2-00A0C91EFB8B}</InstanceId><RequestMajorCode>27</RequestMajorCode><RequestMinorCode>0</RequestMinorCode><Argument1>0x0</Argument1><Argument2>0x0</Argument2><Argument3>0x0</Argument3><Argument4>0x0</Argument4><Status>0</Status></UMDFHostDeviceRequest></UserData></Event><Event xmlns='http://schemas.microsoft.com/win/2004/08/events/event'><System><Provider Name='Microsoft-Windows-DriverFrameworks-UserMode' Guid='{2e35aaeb-857f-4beb-a418-2e6c0e54d988}'/><EventID>2106</EventID><Version>1</Version><Level>4</Level><Task>37</Task><Opcode>1</Opcode><Keywords>0x8000000000000000</Keywords><TimeCreated SystemTime='2026-03-25T02:54:11.1943914Z'/><EventRecordID>78</EventRecordID><Correlation/><Execution ProcessID='29136' ThreadID='36468'/><Channel>Microsoft-Windows-DriverFrameworks-UserMode/Operational</Channel><Computer>DESKTOP-JQBHE1O</Computer><Security UserID='S-1-5-19'/></System><UserData><UMDFHostDeviceRequest xmlns='http://www.microsoft.com/DriverFrameworks/UserMode/Event'><LifetimeId>{f9c7427c-90f3-430d-a796-90b9589eb60b}</LifetimeId><InstanceId>SWD\WPDBUSENUM\_??_USBSTOR#DISK&amp;VEN_RPI&amp;PROD_RP2350&amp;REV_1#7&amp;6C26A1B&amp;0&amp;DF979187C34F3120&amp;0#{53F56307-B6BF-11D0-94F2-00A0C91EFB8B}</InstanceId><RequestMajorCode>27</RequestMajorCode><RequestMinorCode>0</RequestMinorCode><Argument1>0x0</Argument1><Argument2>0x0</Argument2><Argument3>0x0</Argument3><Argument4>0x0</Argument4><Status>0</Status></UMDFHostDeviceRequest></UserData></Event><Event xmlns='http://schemas.microsoft.com/win/2004/08/events/event'><System><Provider Name='Microsoft-Windows-DriverFrameworks-UserMode' Guid='{2e35aaeb-857f-4beb-a418-2e6c0e54d988}'/><EventID>2105</EventID><Version>1</Version><Level>4</Level><Task>37</Task><Opcode>1</Opcode><Keywords>0x8000000000000000</Keywords><TimeCreated SystemTime='2026-03-25T02:54:11.1943755Z'/><EventRecordID>77</EventRecordID><Correlation/><Execution ProcessID='29136' ThreadID='36468'/><Channel>Microsoft-Windows-DriverFrameworks-UserMode/Operational</Channel><Computer>DESKTOP-JQBHE1O</Computer><Security UserID='S-1-5-19'/></System><UserData><UMDFHostDeviceRequest xmlns='http://www.microsoft.com/DriverFrameworks/UserMode/Event'><LifetimeId>{f9c7427c-90f3-430d-a796-90b9589eb60b}</LifetimeId><InstanceId>SWD\WPDBUSENUM\_??_USBSTOR#DISK&amp;VEN_RPI&amp;PROD_RP2350&amp;REV_1#7&amp;6C26A1B&amp;0&amp;DF979187C34F3120&amp;0#{53F56307-B6BF-11D0-94F2-00A0C91EFB8B}</InstanceId><RequestMajorCode>27</RequestMajorCode><RequestMinorCode>0</RequestMinorCode><Argument1>0x0</Argument1><Argument2>0x0</Argument2><Argument3>0x0</Argument3><Argument4>0x0</Argument4><Status>3221225659</Status></UMDFHostDeviceRequest></UserData></Event><Event xmlns='http://schemas.microsoft.com/win/2004/08/events/event'><System><Provider Name='Microsoft-Windows-DriverFrameworks-UserMode' Guid='{2e35aaeb-857f-4beb-a418-2e6c0e54d988}'/><EventID>2100</EventID><Version>1</Version><Level>4</Level><Task>37</Task><Opcode>1</Opcode><Keywords>0x8000000000000000</Keywords><TimeCreated SystemTime='2026-03-25T02:54:11.1943632Z'/><EventRecordID>76</EventRecordID><Correlation/><Execution ProcessID='29136' ThreadID='36468'/><Channel>Microsoft-Windows-DriverFrameworks-UserMode/Operational</Channel><Computer>DESKTOP-JQBHE1O</Computer><Security UserID='S-1-5-19'/></System><UserData><UMDFHostDeviceRequest xmlns='http://www.microsoft.com/DriverFrameworks/UserMode/Event'><LifetimeId>{f9c7427c-90f3-430d-a796-90b9589eb60b}</LifetimeId><InstanceId>SWD\WPDBUSENUM\_??_USBSTOR#DISK&amp;VEN_RPI&amp;PROD_RP2350&amp;REV_1#7&amp;6C26A1B&amp;0&amp;DF979187C34F3120&amp;0#{53F56307-B6BF-11D0-94F2-00A0C91EFB8B}</InstanceId><RequestMajorCode>27</RequestMajorCode><RequestMinorCode>0</RequestMinorCode><Argument1>0x0</Argument1><Argument2>0x0</Argument2><Argument3>0x0</Argument3><Argument4>0x0</Argument4><Status>3221225659</Status></UMDFHostDeviceRequest></UserData></Event><Event xmlns='http://schemas.microsoft.com/win/2004/08/events/event'><System><Provider Name='Microsoft-Windows-DriverFrameworks-UserMode' Guid='{2e35aaeb-857f-4beb-a418-2e6c0e54d988}'/><EventID>2006</EventID><Version>1</Version><Level>5</Level><Task>33</Task><Opcode>2</Opcode><Keywords>0x8000000000000000</Keywords><TimeCreated SystemTime='2026-03-25T02:54:11.1939505Z'/><EventRecordID>75</EventRecordID><Correlation/><Execution ProcessID='29136' ThreadID='36468'/><Channel>Microsoft-Windows-DriverFrameworks-UserMode/Operational</Channel><Computer>DESKTOP-JQBHE1O</Computer><Security UserID='S-1-5-19'/></System><UserData><UMDFHostAddDeviceEnd xmlns='http://www.microsoft.com/DriverFrameworks/UserMode/Event'><LifetimeId>{f9c7427c-90f3-430d-a796-90b9589eb60b}</LifetimeId><InstanceId>SWD\WPDBUSENUM\_??_USBSTOR#DISK&amp;VEN_RPI&amp;PROD_RP2350&amp;REV_1#7&amp;6C26A1B&amp;0&amp;DF979187C34F3120&amp;0#{53F56307-B6BF-11D0-94F2-00A0C91EFB8B}</InstanceId><Level>0</Level><FinalStatus>0</FinalStatus></UMDFHostAddDeviceEnd></UserData></Event><Event xmlns='http://schemas.microsoft.com/win/2004/08/events/event'><System><Provider Name='Microsoft-Windows-DriverFrameworks-UserMode' Guid='{2e35aaeb-857f-4beb-a418-2e6c0e54d988}'/><EventID>2005</EventID><Version>1</Version><Level>5</Level><Task>33</Task><Opcode>0</Opcode><Keywords>0x8000000000000000</Keywords><TimeCreated SystemTime='2026-03-25T02:54:11.1936300Z'/><EventRecordID>74</EventRecordID><Correlation/><Execution ProcessID='29136' ThreadID='36468'/><Channel>Microsoft-Windows-DriverFrameworks-UserMode/Operational</Channel><Computer>DESKTOP-JQBHE1O</Computer><Security UserID='S-1-5-19'/></System><UserData><UMDFHostModuleLoad xmlns='http://www.microsoft.com/DriverFrameworks/UserMode/Event'><LifetimeId>{f9c7427c-90f3-430d-a796-90b9589eb60b}</LifetimeId><InstanceId>SWD\WPDBUSENUM\_??_USBSTOR#DISK&amp;VEN_RPI&amp;PROD_RP2350&amp;REV_1#7&amp;6C26A1B&amp;0&amp;DF979187C34F3120&amp;0#{53F56307-B6BF-11D0-94F2-00A0C91EFB8B}</InstanceId><ModulePath>C:\Windows\System32\WUDFx.dll</ModulePath><CompanyName>Microsoft Corporation</CompanyName><FileDescription>WDF:UMDF Framework Library</FileDescription><FileVersion>10.0.26100.7309 (WinBuild.160101.0800)</FileVersion></UMDFHostModuleLoad></UserData></Event><Event xmlns='http://schemas.microsoft.com/win/2004/08/events/event'><System><Provider Name='Microsoft-Windows-DriverFrameworks-UserMode' Guid='{2e35aaeb-857f-4beb-a418-2e6c0e54d988}'/><EventID>2005</EventID><Version>1</Version><Level>5</Level><Task>33</Task><Opcode>0</Opcode><Keywords>0x8000000000000000</Keywords><TimeCreated SystemTime='2026-03-25T02:54:11.1935937Z'/><EventRecordID>73</EventRecordID><Correlation/><Execution ProcessID='29136' ThreadID='36468'/><Channel>Microsoft-Windows-DriverFrameworks-UserMode/Operational</Channel><Computer>DESKTOP-JQBHE1O</Computer><Security UserID='S-1-5-19'/></System><UserData><UMDFHostModuleLoad xmlns='http://www.microsoft.com/DriverFrameworks/UserMode/Event'><LifetimeId>{f9c7427c-90f3-430d-a796-90b9589eb60b}</LifetimeId><InstanceId>SWD\WPDBUSENUM\_??_USBSTOR#DISK&amp;VEN_RPI&amp;PROD_RP2350&amp;REV_1#7&amp;6C26A1B&amp;0&amp;DF979187C34F3120&amp;0#{53F56307-B6BF-11D0-94F2-00A0C91EFB8B}</InstanceId><ModulePath>C:\WINDOWS\SYSTEM32\cryptsp.dll</ModulePath><CompanyName>Microsoft Corporation</CompanyName><FileDescription>Cryptographic Service Provider API</FileDescription><FileVersion>10.0.26100.7705 (WinBuild.160101.0800)</FileVersion></UMDFHostModuleLoad></UserData></Event><Event xmlns='http://schemas.microsoft.com/win/2004/08/events/event'><System><Provider Name='Microsoft-Windows-DriverFrameworks-UserMode' Guid='{2e35aaeb-857f-4beb-a418-2e6c0e54d988}'/><EventID>2005</EventID><Version>1</Version><Level>5</Level><Task>33</Task><Opcode>0</Opcode><Keywords>0x8000000000000000</Keywords><TimeCreated SystemTime='2026-03-25T02:54:11.1935535Z'/><EventRecordID>72</EventRecordID><Correlation/><Execution ProcessID='29136' ThreadID='36468'/><Channel>Microsoft-Windows-DriverFrameworks-UserMode/Operational</Channel><Computer>DESKTOP-JQBHE1O</Computer><Security UserID='S-1-5-19'/></System><UserData><UMDFHostModuleLoad xmlns='http://www.microsoft.com/DriverFrameworks/UserMode/Event'><LifetimeId>{f9c7427c-90f3-430d-a796-90b9589eb60b}</LifetimeId><InstanceId>SWD\WPDBUSENUM\_??_USBSTOR#DISK&amp;VEN_RPI&amp;PROD_RP2350&amp;REV_1#7&amp;6C26A1B&amp;0&amp;DF979187C34F3120&amp;0#{53F56307-B6BF-11D0-94F2-00A0C91EFB8B}</InstanceId><ModulePath>C:\WINDOWS\System32\advapi32.dll</ModulePath><CompanyName>Microsoft Corporation</CompanyName><FileDescription>高级 Windows 32 基本 API</FileDescription><FileVersion>10.0.26100.7705 (WinBuild.160101.0800)</FileVersion></UMDFHostModuleLoad></UserData></Event><Event xmlns='http://schemas.microsoft.com/win/2004/08/events/event'><System><Provider Name='Microsoft-Windows-DriverFrameworks-UserMode' Guid='{2e35aaeb-857f-4beb-a418-2e6c0e54d988}'/><EventID>2005</EventID><Version>1</Version><Level>5</Level><Task>33</Task><Opcode>0</Opcode><Keywords>0x8000000000000000</Keywords><TimeCreated SystemTime='2026-03-25T02:54:11.1934312Z'/><EventRecordID>71</EventRecordID><Correlation/><Execution ProcessID='29136' ThreadID='36468'/><Channel>Microsoft-Windows-DriverFrameworks-UserMode/Operational</Channel><Computer>DESKTOP-JQBHE1O</Computer><Security UserID='S-1-5-19'/></System><UserData><UMDFHostModuleLoad xmlns='http://www.microsoft.com/DriverFrameworks/UserMode/Event'><LifetimeId>{f9c7427c-90f3-430d-a796-90b9589eb60b}</LifetimeId><InstanceId>SWD\WPDBUSENUM\_??_USBSTOR#DISK&amp;VEN_RPI&amp;PROD_RP2350&amp;REV_1#7&amp;6C26A1B&amp;0&amp;DF979187C34F3120&amp;0#{53F56307-B6BF-11D0-94F2-00A0C91EFB8B}</InstanceId><ModulePath>C:\WINDOWS\SYSTEM32\WMASF.DLL</ModulePath><CompanyName>Microsoft Corporation</CompanyName><FileDescription>Windows Media ASF DLL</FileDescription><FileVersion>12.0.26100.7920 (WinBuild.160101.0800)</FileVersion></UMDFHostModuleLoad></UserData></Event><Event xmlns='http://schemas.microsoft.com/win/2004/08/events/event'><System><Provider Name='Microsoft-Windows-DriverFrameworks-UserMode' Guid='{2e35aaeb-857f-4beb-a418-2e6c0e54d988}'/><EventID>2005</EventID><Version>1</Version><Level>5</Level><Task>33</Task><Opcode>0</Opcode><Keywords>0x8000000000000000</Keywords><TimeCreated SystemTime='2026-03-25T02:54:11.1933889Z'/><EventRecordID>70</EventRecordID><Correlation/><Execution ProcessID='29136' ThreadID='36468'/><Channel>Microsoft-Windows-DriverFrameworks-UserMode/Operational</Channel><Computer>DESKTOP-JQBHE1O</Computer><Security UserID='S-1-5-19'/></System><UserData><UMDFHostModuleLoad xmlns='http://www.microsoft.com/DriverFrameworks/UserMode/Event'><LifetimeId>{f9c7427c-90f3-430d-a796-90b9589eb60b}</LifetimeId><InstanceId>SWD\WPDBUSENUM\_??_USBSTOR#DISK&amp;VEN_RPI&amp;PROD_RP2350&amp;REV_1#7&amp;6C26A1B&amp;0&amp;DF979187C34F3120&amp;0#{53F56307-B6BF-11D0-94F2-00A0C91EFB8B}</InstanceId><ModulePath>C:\WINDOWS\System32\shcore.dll</ModulePath><CompanyName>Microsoft Corporation</CompanyName><FileDescription>SHCORE</FileDescription><FileVersion>10.0.26100.7705 (WinBuild.160101.0800)</FileVersion></UMDFHostModuleLoad></UserData></Event><Event xmlns='http://schemas.microsoft.com/win/2004/08/events/event'><System><Provider Name='Microsoft-Windows-DriverFrameworks-UserMode' Guid='{2e35aaeb-857f-4beb-a418-2e6c0e54d988}'/><EventID>2005</EventID><Version>1</Version><Level>5</Level><Task>33</Task><Opcode>0</Opcode><Keywords>0x8000000000000000</Keywords><TimeCreated SystemTime='2026-03-25T02:54:11.1931846Z'/><EventRecordID>69</EventRecordID><Correlation/><Execution ProcessID='29136' ThreadID='36468'/><Channel>Microsoft-Windows-DriverFrameworks-UserMode/Operational</Channel><Computer>DESKTOP-JQBHE1O</Computer><Security UserID='S-1-5-19'/></System><UserData><UMDFHostModuleLoad xmlns='http://www.microsoft.com/DriverFrameworks/UserMode/Event'><LifetimeId>{f9c7427c-90f3-430d-a796-90b9589eb60b}</LifetimeId><InstanceId>SWD\WPDBUSENUM\_??_USBSTOR#DISK&amp;VEN_RPI&amp;PROD_RP2350&amp;REV_1#7&amp;6C26A1B&amp;0&amp;DF979187C34F3120&amp;0#{53F56307-B6BF-11D0-94F2-00A0C91EFB8B}</InstanceId><ModulePath>C:\WINDOWS\System32\OLEAUT32.dll</ModulePath><CompanyName>Microsoft Corporation</CompanyName><FileDescription>OLEAUT32.DLL</FileDescription><FileVersion>10.0.26100.7920 (WinBuild.160101.0800)</FileVersion></UMDFHostModuleLoad></UserData></Event><Event xmlns='http://schemas.microsoft.com/win/2004/08/events/event'><System><Provider Name='Microsoft-Windows-DriverFrameworks-UserMode' Guid='{2e35aaeb-857f-4beb-a418-2e6c0e54d988}'/><EventID>2005</EventID><Version>1</Version><Level>5</Level><Task>33</Task><Opcode>0</Opcode><Keywords>0x8000000000000000</Keywords><TimeCreated SystemTime='2026-03-25T02:54:11.1930068Z'/><EventRecordID>68</EventRecordID><Correlation/><Execution ProcessID='29136' ThreadID='36468'/><Channel>Microsoft-Windows-DriverFrameworks-UserMode/Operational</Channel><Computer>DESKTOP-JQBHE1O</Computer><Security UserID='S-1-5-19'/></System><UserData><UMDFHostModuleLoad xmlns='http://www.microsoft.com/DriverFrameworks/UserMode/Event'><LifetimeId>{f9c7427c-90f3-430d-a796-90b9589eb60b}</LifetimeId><InstanceId>SWD\WPDBUSENUM\_??_USBSTOR#DISK&amp;VEN_RPI&amp;PROD_RP2350&amp;REV_1#7&amp;6C26A1B&amp;0&amp;DF979187C34F3120&amp;0#{53F56307-B6BF-11D0-94F2-00A0C91EFB8B}</InstanceId><ModulePath>C:\WINDOWS\SYSTEM32\wmvcore.dll</ModulePath><CompanyName>Microsoft Corporation</CompanyName><FileDescription>Windows Media Playback/Authoring DLL</FileDescription><FileVersion>12.0.26100.7920 (WinBuild.160101.0800)</FileVersion></UMDFHostModuleLoad></UserData></Event><Event xmlns='http://schemas.microsoft.com/win/2004/08/events/event'><System><Provider Name='Microsoft-Windows-DriverFrameworks-UserMode' Guid='{2e35aaeb-857f-4beb-a418-2e6c0e54d988}'/><EventID>2005</EventID><Version>1</Version><Level>5</Level><Task>33</Task><Opcode>0</Opcode><Keywords>0x8000000000000000</Keywords><TimeCreated SystemTime='2026-03-25T02:54:11.1929676Z'/><EventRecordID>67</EventRecordID><Correlation/><Execution ProcessID='29136' ThreadID='36468'/><Channel>Microsoft-Windows-DriverFrameworks-UserMode/Operational</Channel><Computer>DESKTOP-JQBHE1O</Computer><Security UserID='S-1-5-19'/></System><UserData><UMDFHostModuleLoad xmlns='http://www.microsoft.com/DriverFrameworks/UserMode/Event'><LifetimeId>{f9c7427c-90f3-430d-a796-90b9589eb60b}</LifetimeId><InstanceId>SWD\WPDBUSENUM\_??_USBSTOR#DISK&amp;VEN_RPI&amp;PROD_RP2350&amp;REV_1#7&amp;6C26A1B&amp;0&amp;DF979187C34F3120&amp;0#{53F56307-B6BF-11D0-94F2-00A0C91EFB8B}</InstanceId><ModulePath>C:\WINDOWS\System32\IMM32.DLL</ModulePath><CompanyName>Microsoft Corporation</CompanyName><FileDescription>Multi-User Windows IMM32 API Client DLL</FileDescription><FileVersion>10.0.26100.7309 (WinBuild.160101.0800)</FileVersion></UMDFHostModuleLoad></UserData></Event><Event xmlns='http://schemas.microsoft.com/win/2004/08/events/event'><System><Provider Name='Microsoft-Windows-DriverFrameworks-UserMode' Guid='{2e35aaeb-857f-4beb-a418-2e6c0e54d988}'/><EventID>2005</EventID><Version>1</Version><Level>5</Level><Task>33</Task><Opcode>0</Opcode><Keywords>0x8000000000000000</Keywords><TimeCreated SystemTime='2026-03-25T02:54:11.1929261Z'/><EventRecordID>66</EventRecordID><Correlation/><Execution ProcessID='29136' ThreadID='36468'/><Channel>Microsoft-Windows-DriverFrameworks-UserMode/Operational</Channel><Computer>DESKTOP-JQBHE1O</Computer><Security UserID='S-1-5-19'/></System><UserData><UMDFHostModuleLoad xmlns='http://www.microsoft.com/DriverFrameworks/UserMode/Event'><LifetimeId>{f9c7427c-90f3-430d-a796-90b9589eb60b}</LifetimeId><InstanceId>SWD\WPDBUSENUM\_??_USBSTOR#DISK&amp;VEN_RPI&amp;PROD_RP2350&amp;REV_1#7&amp;6C26A1B&amp;0&amp;DF979187C34F3120&amp;0#{53F56307-B6BF-11D0-94F2-00A0C91EFB8B}</InstanceId><ModulePath>C:\WINDOWS\System32\msvcp_win.dll</ModulePath><CompanyName>Microsoft Corporation</CompanyName><FileDescription>Microsoft® C Runtime Library</FileDescription><FileVersion>10.0.26100.7623 (WinBuild.160101.0800)</FileVersion></UMDFHostModuleLoad></UserData></Event><Event xmlns='http://schemas.microsoft.com/win/2004/08/events/event'><System><Provider Name='Microsoft-Windows-DriverFrameworks-UserMode' Guid='{2e35aaeb-857f-4beb-a418-2e6c0e54d988}'/><EventID>2005</EventID><Version>1</Version><Level>5</Level><Task>33</Task><Opcode>0</Opcode><Keywords>0x8000000000000000</Keywords><TimeCreated SystemTime='2026-03-25T02:54:11.1928937Z'/><EventRecordID>65</EventRecordID><Correlation/><Execution ProcessID='29136' ThreadID='36468'/><Channel>Microsoft-Windows-DriverFrameworks-UserMode/Operational</Channel><Computer>DESKTOP-JQBHE1O</Computer><Security UserID='S-1-5-19'/></System><UserData><UMDFHostModuleLoad xmlns='http://www.microsoft.com/DriverFrameworks/UserMode/Event'><LifetimeId>{f9c7427c-90f3-430d-a796-90b9589eb60b}</LifetimeId><InstanceId>SWD\WPDBUSENUM\_??_USBSTOR#DISK&amp;VEN_RPI&amp;PROD_RP2350&amp;REV_1#7&amp;6C26A1B&amp;0&amp;DF979187C34F3120&amp;0#{53F56307-B6BF-11D0-94F2-00A0C91EFB8B}</InstanceId><ModulePath>C:\WINDOWS\System32\gdi32full.dll</ModulePath><CompanyName>Microsoft Corporation</CompanyName><FileDescription>GDI Client DLL</FileDescription><FileVersion>10.0.26100.8036 (WinBuild.160101.0800)</FileVersion></UMDFHostModuleLoad></UserData></Event><Event xmlns='http://schemas.microsoft.com/win/2004/08/events/event'><System><Provider Name='Microsoft-Windows-DriverFrameworks-UserMode' Guid='{2e35aaeb-857f-4beb-a418-2e6c0e54d988}'/><EventID>2005</EventID><Version>1</Version><Level>5</Level><Task>33</Task><Opcode>0</Opcode><Keywords>0x8000000000000000</Keywords><TimeCreated SystemTime='2026-03-25T02:54:11.1928669Z'/><EventRecordID>64</EventRecordID><Correlation/><Execution ProcessID='29136' ThreadID='36468'/><Channel>Microsoft-Windows-DriverFrameworks-UserMode/Operational</Channel><Computer>DESKTOP-JQBHE1O</Computer><Security UserID='S-1-5-19'/></System><UserData><UMDFHostModuleLoad xmlns='http://www.microsoft.com/DriverFrameworks/UserMode/Event'><LifetimeId>{f9c7427c-90f3-430d-a796-90b9589eb60b}</LifetimeId><InstanceId>SWD\WPDBUSENUM\_??_USBSTOR#DISK&amp;VEN_RPI&amp;PROD_RP2350&amp;REV_1#7&amp;6C26A1B&amp;0&amp;DF979187C34F3120&amp;0#{53F56307-B6BF-11D0-94F2-00A0C91EFB8B}</InstanceId><ModulePath>C:\WINDOWS\System32\GDI32.dll</ModulePath><CompanyName>Microsoft Corporation</CompanyName><FileDescription>GDI Client DLL</FileDescription><FileVersion>10.0.26100.8036 (WinBuild.160101.0800)</FileVersion></UMDFHostModuleLoad></UserData></Event><Event xmlns='http://schemas.microsoft.com/win/2004/08/events/event'><System><Provider Name='Microsoft-Windows-DriverFrameworks-UserMode' Guid='{2e35aaeb-857f-4beb-a418-2e6c0e54d988}'/><EventID>2005</EventID><Version>1</Version><Level>5</Level><Task>33</Task><Opcode>0</Opcode><Keywords>0x8000000000000000</Keywords><TimeCreated SystemTime='2026-03-25T02:54:11.1928303Z'/><EventRecordID>63</EventRecordID><Correlation/><Execution ProcessID='29136' ThreadID='36468'/><Channel>Microsoft-Windows-DriverFrameworks-UserMode/Operational</Channel><Computer>DESKTOP-JQBHE1O</Computer><Security UserID='S-1-5-19'/></System><UserData><UMDFHostModuleLoad xmlns='http://www.microsoft.com/DriverFrameworks/UserMode/Event'><LifetimeId>{f9c7427c-90f3-430d-a796-90b9589eb60b}</LifetimeId><InstanceId>SWD\WPDBUSENUM\_??_USBSTOR#DISK&amp;VEN_RPI&amp;PROD_RP2350&amp;REV_1#7&amp;6C26A1B&amp;0&amp;DF979187C34F3120&amp;0#{53F56307-B6BF-11D0-94F2-00A0C91EFB8B}</InstanceId><ModulePath>C:\WINDOWS\System32\win32u.dll</ModulePath><CompanyName>Microsoft Corporation</CompanyName><FileDescription>Win32u</FileDescription><FileVersion>10.0.26100.8036 (WinBuild.160101.0800)</FileVersion></UMDFHostModuleLoad></UserData></Event><Event xmlns='http://schemas.microsoft.com/win/2004/08/events/event'><System><Provider Name='Microsoft-Windows-DriverFrameworks-UserMode' Guid='{2e35aaeb-857f-4beb-a418-2e6c0e54d988}'/><EventID>2005</EventID><Version>1</Version><Level>5</Level><Task>33</Task><Opcode>0</Opcode><Keywords>0x8000000000000000</Keywords><TimeCreated SystemTime='2026-03-25T02:54:11.1928061Z'/><EventRecordID>62</EventRecordID><Correlation/><Execution ProcessID='29136' ThreadID='36468'/><Channel>Microsoft-Windows-DriverFrameworks-UserMode/Operational</Channel><Computer>DESKTOP-JQBHE1O</Computer><Security UserID='S-1-5-19'/></System><UserData><UMDFHostModuleLoad xmlns='http://www.microsoft.com/DriverFrameworks/UserMode/Event'><LifetimeId>{f9c7427c-90f3-430d-a796-90b9589eb60b}</LifetimeId><InstanceId>SWD\WPDBUSENUM\_??_USBSTOR#DISK&amp;VEN_RPI&amp;PROD_RP2350&amp;REV_1#7&amp;6C26A1B&amp;0&amp;DF979187C34F3120&amp;0#{53F56307-B6BF-11D0-94F2-00A0C91EFB8B}</InstanceId><ModulePath>C:\WINDOWS\System32\USER32.dll</ModulePath><CompanyName>Microsoft Corporation</CompanyName><FileDescription>多用户 Windows 用户 API 客户端 DLL</FileDescription><FileVersion>10.0.26100.7705 (WinBuild.160101.0800)</FileVersion></UMDFHostModuleLoad></UserData></Event><Event xmlns='http://schemas.microsoft.com/win/2004/08/events/event'><System><Provider Name='Microsoft-Windows-DriverFrameworks-UserMode' Guid='{2e35aaeb-857f-4beb-a418-2e6c0e54d988}'/><EventID>2005</EventID><Version>1</Version><Level>5</Level><Task>33</Task><Opcode>0</Opcode><Keywords>0x8000000000000000</Keywords><TimeCreated SystemTime='2026-03-25T02:54:11.1926596Z'/><EventRecordID>61</EventRecordID><Correlation/><Execution ProcessID='29136' ThreadID='36468'/><Channel>Microsoft-Windows-DriverFrameworks-UserMode/Operational</Channel><Computer>DESKTOP-JQBHE1O</Computer><Security UserID='S-1-5-19'/></System><UserData><UMDFHostModuleLoad xmlns='http://www.microsoft.com/DriverFrameworks/UserMode/Event'><LifetimeId>{f9c7427c-90f3-430d-a796-90b9589eb60b}</LifetimeId><InstanceId>SWD\WPDBUSENUM\_??_USBSTOR#DISK&amp;VEN_RPI&amp;PROD_RP2350&amp;REV_1#7&amp;6C26A1B&amp;0&amp;DF979187C34F3120&amp;0#{53F56307-B6BF-11D0-94F2-00A0C91EFB8B}</InstanceId><ModulePath>c:\windows\system32\drivers\umdf\wpdfs.dll</ModulePath><CompanyName>Microsoft Corporation</CompanyName><FileDescription>Windows Portable Device File System Driver</FileDescription><FileVersion>10.0.26100.5074 (WinBuild.160101.0800)</FileVersion></UMDFHostModuleLoad></UserData></Event>