<Event xmlns='http://schemas.microsoft.com/win/2004/08/events/event'><System><Provider Name='Microsoft-Windows-DriverFrameworks-UserMode' Guid='{2e35aaeb-857f-4beb-a418-2e6c0e54d988}'/><EventID>2005</EventID><Version>1</Version><Level>5</Level><Task>33</Task><Opcode>0</Opcode><Keywords>0x8000000000000000</Keywords><TimeCreated SystemTime='2026-03-25T02:54:11.1926080Z'/><EventRecordID>60</EventRecordID><Correlation/><Execution ProcessID='29136' ThreadID='36468'/><Channel>Microsoft-Windows-DriverFrameworks-UserMode/Operational</Channel><Computer>DESKTOP-JQBHE1O</Computer><Security UserID='S-1-5-19'/></System><UserData><UMDFHostModuleLoad xmlns='http://www.microsoft.com/DriverFrameworks/UserMode/Event'><LifetimeId>{f9c7427c-90f3-430d-a796-90b9589eb60b}</LifetimeId><InstanceId>NULL</InstanceId><ModulePath>C:\Windows\System32\WUDFx.dll</ModulePath><CompanyName>Microsoft Corporation</CompanyName><FileDescription>WDF:UMDF Framework Library</FileDescription><FileVersion>10.0.26100.7309 (WinBuild.160101.0800)</FileVersion></UMDFHostModuleLoad></UserData></Event><Event xmlns='http://schemas.microsoft.com/win/2004/08/events/event'><System><Provider Name='Microsoft-Windows-DriverFrameworks-UserMode' Guid='{2e35aaeb-857f-4beb-a418-2e6c0e54d988}'/><EventID>2004</EventID><Version>1</Version><Level>5</Level><Task>33</Task><Opcode>1</Opcode><Keywords>0x8000000000000000</Keywords><TimeCreated SystemTime='2026-03-25T02:54:11.1885280Z'/><EventRecordID>59</EventRecordID><Correlation/><Execution ProcessID='29136' ThreadID='36468'/><Channel>Microsoft-Windows-DriverFrameworks-UserMode/Operational</Channel><Computer>DESKTOP-JQBHE1O</Computer><Security UserID='S-1-5-19'/></System><UserData><UMDFHostAddDeviceBegin xmlns='http://www.microsoft.com/DriverFrameworks/UserMode/Event'><LifetimeId>{f9c7427c-90f3-430d-a796-90b9589eb60b}</LifetimeId><InstanceId>SWD\WPDBUSENUM\_??_USBSTOR#DISK&amp;VEN_RPI&amp;PROD_RP2350&amp;REV_1#7&amp;6C26A1B&amp;0&amp;DF979187C34F3120&amp;0#{53F56307-B6BF-11D0-94F2-00A0C91EFB8B}</InstanceId><Level>0</Level><Service>WpdFs</Service><DriverClsid>{112de495-ac4c-46f8-b663-6a4266c53313}</DriverClsid></UMDFHostAddDeviceBegin></UserData></Event><Event xmlns='http://schemas.microsoft.com/win/2004/08/events/event'><System><Provider Name='Microsoft-Windows-DriverFrameworks-UserMode' Guid='{2e35aaeb-857f-4beb-a418-2e6c0e54d988}'/><EventID>2010</EventID><Version>1</Version><Level>4</Level><Task>33</Task><Opcode>2</Opcode><Keywords>0x8000000000000000</Keywords><TimeCreated SystemTime='2026-03-25T02:54:11.1885216Z'/><EventRecordID>58</EventRecordID><Correlation/><Execution ProcessID='29136' ThreadID='36468'/><Channel>Microsoft-Windows-DriverFrameworks-UserMode/Operational</Channel><Computer>DESKTOP-JQBHE1O</Computer><Security UserID='S-1-5-19'/></System><UserData><UMDFHostDeviceArrivalEnd xmlns='http://www.microsoft.com/DriverFrameworks/UserMode/Event'><LifetimeId>{f9c7427c-90f3-430d-a796-90b9589eb60b}</LifetimeId><InstanceId>SWD\WPDBUSENUM\_??_USBSTOR#DISK&amp;VEN_RPI&amp;PROD_RP2350&amp;REV_1#7&amp;6C26A1B&amp;0&amp;DF979187C34F3120&amp;0#{53F56307-B6BF-11D0-94F2-00A0C91EFB8B}</InstanceId><FinalStatus>0</FinalStatus></UMDFHostDeviceArrivalEnd></UserData></Event><Event xmlns='http://schemas.microsoft.com/win/2004/08/events/event'><System><Provider Name='Microsoft-Windows-DriverFrameworks-UserMode' Guid='{2e35aaeb-857f-4beb-a418-2e6c0e54d988}'/><EventID>2003</EventID><Version>1</Version><Level>4</Level><Task>33</Task><Opcode>1</Opcode><Keywords>0x8000000000000000</Keywords><TimeCreated SystemTime='2026-03-25T02:54:11.1883918Z'/><EventRecordID>57</EventRecordID><Correlation/><Execution ProcessID='29136' ThreadID='36468'/><Channel>Microsoft-Windows-DriverFrameworks-UserMode/Operational</Channel><Computer>DESKTOP-JQBHE1O</Computer><Security UserID='S-1-5-19'/></System><UserData><UMDFHostDeviceArrivalBegin xmlns='http://www.microsoft.com/DriverFrameworks/UserMode/Event'><LifetimeId>{f9c7427c-90f3-430d-a796-90b9589eb60b}</LifetimeId><InstanceId>SWD\WPDBUSENUM\_??_USBSTOR#DISK&amp;VEN_RPI&amp;PROD_RP2350&amp;REV_1#7&amp;6C26A1B&amp;0&amp;DF979187C34F3120&amp;0#{53F56307-B6BF-11D0-94F2-00A0C91EFB8B}</InstanceId></UMDFHostDeviceArrivalBegin></UserData></Event><Event xmlns='http://schemas.microsoft.com/win/2004/08/events/event'><System><Provider Name='Microsoft-Windows-DriverFrameworks-UserMode' Guid='{2e35aaeb-857f-4beb-a418-2e6c0e54d988}'/><EventID>1004</EventID><Version>1</Version><Level>4</Level><Task>17</Task><Opcode>2</Opcode><Keywords>0x8000000000000000</Keywords><TimeCreated SystemTime='2026-03-25T02:54:11.1832269Z'/><EventRecordID>56</EventRecordID><Correlation/><Execution ProcessID='1800' ThreadID='1928'/><Channel>Microsoft-Windows-DriverFrameworks-UserMode/Operational</Channel><Computer>DESKTOP-JQBHE1O</Computer><Security UserID='S-1-5-18'/></System><UserData><UMDFDriverManagerHostCreateEnd xmlns='http://www.microsoft.com/DriverFrameworks/UserMode/Event'><LifetimeId>{f9c7427c-90f3-430d-a796-90b9589eb60b}</LifetimeId><FinalStatus>0</FinalStatus></UMDFDriverManagerHostCreateEnd></UserData></Event><Event xmlns='http://schemas.microsoft.com/win/2004/08/events/event'><System><Provider Name='Microsoft-Windows-DriverFrameworks-UserMode' Guid='{2e35aaeb-857f-4beb-a418-2e6c0e54d988}'/><EventID>2001</EventID><Version>1</Version><Level>4</Level><Task>32</Task><Opcode>2</Opcode><Keywords>0x8000000000000000</Keywords><TimeCreated SystemTime='2026-03-25T02:54:11.1664109Z'/><EventRecordID>55</EventRecordID><Correlation/><Execution ProcessID='29136' ThreadID='23476'/><Channel>Microsoft-Windows-DriverFrameworks-UserMode/Operational</Channel><Computer>DESKTOP-JQBHE1O</Computer><Security UserID='S-1-5-19'/></System><UserData><UMDFHostStartupEnd xmlns='http://www.microsoft.com/DriverFrameworks/UserMode/Event'><LifetimeId>{f9c7427c-90f3-430d-a796-90b9589eb60b}</LifetimeId><FinalStatus>0</FinalStatus></UMDFHostStartupEnd></UserData></Event><Event xmlns='http://schemas.microsoft.com/win/2004/08/events/event'><System><Provider Name='Microsoft-Windows-DriverFrameworks-UserMode' Guid='{2e35aaeb-857f-4beb-a418-2e6c0e54d988}'/><EventID>2000</EventID><Version>1</Version><Level>4</Level><Task>32</Task><Opcode>1</Opcode><Keywords>0x8000000000000000</Keywords><TimeCreated SystemTime='2026-03-25T02:54:11.1650971Z'/><EventRecordID>54</EventRecordID><Correlation/><Execution ProcessID='29136' ThreadID='23476'/><Channel>Microsoft-Windows-DriverFrameworks-UserMode/Operational</Channel><Computer>DESKTOP-JQBHE1O</Computer><Security UserID='S-1-5-19'/></System><UserData><UMDFHostStartupBegin xmlns='http://www.microsoft.com/DriverFrameworks/UserMode/Event'><LifetimeId>{f9c7427c-90f3-430d-a796-90b9589eb60b}</LifetimeId></UMDFHostStartupBegin></UserData></Event><Event xmlns='http://schemas.microsoft.com/win/2004/08/events/event'><System><Provider Name='Microsoft-Windows-DriverFrameworks-UserMode' Guid='{2e35aaeb-857f-4beb-a418-2e6c0e54d988}'/><EventID>1003</EventID><Version>1</Version><Level>4</Level><Task>17</Task><Opcode>1</Opcode><Keywords>0x8000000000000000</Keywords><TimeCreated SystemTime='2026-03-25T02:54:11.1544806Z'/><EventRecordID>53</EventRecordID><Correlation/><Execution ProcessID='1800' ThreadID='1928'/><Channel>Microsoft-Windows-DriverFrameworks-UserMode/Operational</Channel><Computer>DESKTOP-JQBHE1O</Computer><Security UserID='S-1-5-18'/></System><UserData><UMDFDriverManagerHostCreateStart xmlns='http://www.microsoft.com/DriverFrameworks/UserMode/Event'><LifetimeId>{f9c7427c-90f3-430d-a796-90b9589eb60b}</LifetimeId><HostGuid>{193a1820-d9ac-4997-8c55-be817523f6aa}</HostGuid><DeviceInstanceId>SWD.WPDBUSENUM._??_USBSTOR#DISK&amp;VEN_RPI&amp;PROD_RP2350&amp;REV_1#7&amp;6C26A1B&amp;0&amp;DF979187C34F3120&amp;0#{53F56307-B6BF-11D0-94F2-00A0C91EFB8B}</DeviceInstanceId></UMDFDriverManagerHostCreateStart></UserData></Event><Event xmlns='http://schemas.microsoft.com/win/2004/08/events/event'><System><Provider Name='Microsoft-Windows-DriverFrameworks-UserMode' Guid='{2e35aaeb-857f-4beb-a418-2e6c0e54d988}'/><EventID>2101</EventID><Version>1</Version><Level>4</Level><Task>37</Task><Opcode>2</Opcode><Keywords>0x8000000000000000</Keywords><TimeCreated SystemTime='2026-03-25T02:54:11.0320001Z'/><EventRecordID>52</EventRecordID><Correlation/><Execution ProcessID='2312' ThreadID='7092'/><Channel>Microsoft-Windows-DriverFrameworks-UserMode/Operational</Channel><Computer>DESKTOP-JQBHE1O</Computer><Security UserID='S-1-5-19'/></System><UserData><UMDFHostDeviceRequest xmlns='http://www.microsoft.com/DriverFrameworks/UserMode/Event'><LifetimeId>{d2579334-3cf5-42d4-ac72-cbc209eb8796}</LifetimeId><InstanceId>HID\VID_0B05&amp;PID_19B6&amp;MI_00&amp;COL09\7&amp;8BFCE01&amp;0&amp;0008</InstanceId><RequestMajorCode>22</RequestMajorCode><RequestMinorCode>2</RequestMinorCode><Argument1>0x100000000</Argument1><Argument2>0x1</Argument2><Argument3>0x100000000</Argument3><Argument4>0x1</Argument4><Status>0</Status></UMDFHostDeviceRequest></UserData></Event><Event xmlns='http://schemas.microsoft.com/win/2004/08/events/event'><System><Provider Name='Microsoft-Windows-DriverFrameworks-UserMode' Guid='{2e35aaeb-857f-4beb-a418-2e6c0e54d988}'/><EventID>2106</EventID><Version>1</Version><Level>4</Level><Task>37</Task><Opcode>1</Opcode><Keywords>0x8000000000000000</Keywords><TimeCreated SystemTime='2026-03-25T02:54:11.0319708Z'/><EventRecordID>51</EventRecordID><Correlation/><Execution ProcessID='2312' ThreadID='7092'/><Channel>Microsoft-Windows-DriverFrameworks-UserMode/Operational</Channel><Computer>DESKTOP-JQBHE1O</Computer><Security UserID='S-1-5-19'/></System><UserData><UMDFHostDeviceRequest xmlns='http://www.microsoft.com/DriverFrameworks/UserMode/Event'><LifetimeId>{d2579334-3cf5-42d4-ac72-cbc209eb8796}</LifetimeId><InstanceId>HID\VID_0B05&amp;PID_19B6&amp;MI_00&amp;COL09\7&amp;8BFCE01&amp;0&amp;0008</InstanceId><RequestMajorCode>22</RequestMajorCode><RequestMinorCode>2</RequestMinorCode><Argument1>0x100000000</Argument1><Argument2>0x1</Argument2><Argument3>0x0</Argument3><Argument4>0x0</Argument4><Status>0</Status></UMDFHostDeviceRequest></UserData></Event><Event xmlns='http://schemas.microsoft.com/win/2004/08/events/event'><System><Provider Name='Microsoft-Windows-DriverFrameworks-UserMode' Guid='{2e35aaeb-857f-4beb-a418-2e6c0e54d988}'/><EventID>2105</EventID><Version>1</Version><Level>4</Level><Task>37</Task><Opcode>1</Opcode><Keywords>0x8000000000000000</Keywords><TimeCreated SystemTime='2026-03-25T02:54:11.0319353Z'/><EventRecordID>50</EventRecordID><Correlation/><Execution ProcessID='2312' ThreadID='34564'/><Channel>Microsoft-Windows-DriverFrameworks-UserMode/Operational</Channel><Computer>DESKTOP-JQBHE1O</Computer><Security UserID='S-1-5-19'/></System><UserData><UMDFHostDeviceRequest xmlns='http://www.microsoft.com/DriverFrameworks/UserMode/Event'><LifetimeId>{d2579334-3cf5-42d4-ac72-cbc209eb8796}</LifetimeId><InstanceId>HID\VID_0B05&amp;PID_19B6&amp;MI_00&amp;COL09\7&amp;8BFCE01&amp;0&amp;0008</InstanceId><RequestMajorCode>22</RequestMajorCode><RequestMinorCode>2</RequestMinorCode><Argument1>0x100000000</Argument1><Argument2>0x1</Argument2><Argument3>0x0</Argument3><Argument4>0x0</Argument4><Status>3221225659</Status></UMDFHostDeviceRequest></UserData></Event><Event xmlns='http://schemas.microsoft.com/win/2004/08/events/event'><System><Provider Name='Microsoft-Windows-DriverFrameworks-UserMode' Guid='{2e35aaeb-857f-4beb-a418-2e6c0e54d988}'/><EventID>2100</EventID><Version>1</Version><Level>4</Level><Task>37</Task><Opcode>1</Opcode><Keywords>0x8000000000000000</Keywords><TimeCreated SystemTime='2026-03-25T02:54:11.0319188Z'/><EventRecordID>49</EventRecordID><Correlation/><Execution ProcessID='2312' ThreadID='34564'/><Channel>Microsoft-Windows-DriverFrameworks-UserMode/Operational</Channel><Computer>DESKTOP-JQBHE1O</Computer><Security UserID='S-1-5-19'/></System><UserData><UMDFHostDeviceRequest xmlns='http://www.microsoft.com/DriverFrameworks/UserMode/Event'><LifetimeId>{d2579334-3cf5-42d4-ac72-cbc209eb8796}</LifetimeId><InstanceId>HID\VID_0B05&amp;PID_19B6&amp;MI_00&amp;COL09\7&amp;8BFCE01&amp;0&amp;0008</InstanceId><RequestMajorCode>22</RequestMajorCode><RequestMinorCode>2</RequestMinorCode><Argument1>0x100000000</Argument1><Argument2>0x1</Argument2><Argument3>0x0</Argument3><Argument4>0x0</Argument4><Status>3221225659</Status></UMDFHostDeviceRequest></UserData></Event><Event xmlns='http://schemas.microsoft.com/win/2004/08/events/event'><System><Provider Name='Microsoft-Windows-DriverFrameworks-UserMode' Guid='{2e35aaeb-857f-4beb-a418-2e6c0e54d988}'/><EventID>2102</EventID><Version>1</Version><Level>4</Level><Task>37</Task><Opcode>2</Opcode><Keywords>0x8000000000000000</Keywords><TimeCreated SystemTime='2026-03-25T02:53:48.9937209Z'/><EventRecordID>48</EventRecordID><Correlation/><Execution ProcessID='2312' ThreadID='34564'/><Channel>Microsoft-Windows-DriverFrameworks-UserMode/Operational</Channel><Computer>DESKTOP-JQBHE1O</Computer><Security UserID='S-1-5-19'/></System><UserData><UMDFHostDeviceRequest xmlns='http://www.microsoft.com/DriverFrameworks/UserMode/Event'><LifetimeId>{d2579334-3cf5-42d4-ac72-cbc209eb8796}</LifetimeId><InstanceId>HID\VID_0B05&amp;PID_19B6&amp;MI_00&amp;COL09\7&amp;8BFCE01&amp;0&amp;0008</InstanceId><RequestMajorCode>22</RequestMajorCode><RequestMinorCode>2</RequestMinorCode><Argument1>0x100000000</Argument1><Argument2>0x3</Argument2><Argument3>0x0</Argument3><Argument4>0x0</Argument4><Status>3221225659</Status></UMDFHostDeviceRequest></UserData></Event><Event xmlns='http://schemas.microsoft.com/win/2004/08/events/event'><System><Provider Name='Microsoft-Windows-DriverFrameworks-UserMode' Guid='{2e35aaeb-857f-4beb-a418-2e6c0e54d988}'/><EventID>2100</EventID><Version>1</Version><Level>4</Level><Task>37</Task><Opcode>1</Opcode><Keywords>0x8000000000000000</Keywords><TimeCreated SystemTime='2026-03-25T02:53:48.9936455Z'/><EventRecordID>47</EventRecordID><Correlation/><Execution ProcessID='2312' ThreadID='34564'/><Channel>Microsoft-Windows-DriverFrameworks-UserMode/Operational</Channel><Computer>DESKTOP-JQBHE1O</Computer><Security UserID='S-1-5-19'/></System><UserData><UMDFHostDeviceRequest xmlns='http://www.microsoft.com/DriverFrameworks/UserMode/Event'><LifetimeId>{d2579334-3cf5-42d4-ac72-cbc209eb8796}</LifetimeId><InstanceId>HID\VID_0B05&amp;PID_19B6&amp;MI_00&amp;COL09\7&amp;8BFCE01&amp;0&amp;0008</InstanceId><RequestMajorCode>22</RequestMajorCode><RequestMinorCode>2</RequestMinorCode><Argument1>0x100000000</Argument1><Argument2>0x3</Argument2><Argument3>0x0</Argument3><Argument4>0x0</Argument4><Status>3221225659</Status></UMDFHostDeviceRequest></UserData></Event><Event xmlns='http://schemas.microsoft.com/win/2004/08/events/event'><System><Provider Name='Microsoft-Windows-DriverFrameworks-UserMode' Guid='{2e35aaeb-857f-4beb-a418-2e6c0e54d988}'/><EventID>2101</EventID><Version>1</Version><Level>4</Level><Task>37</Task><Opcode>2</Opcode><Keywords>0x8000000000000000</Keywords><TimeCreated SystemTime='2026-03-25T02:53:43.9698632Z'/><EventRecordID>46</EventRecordID><Correlation/><Execution ProcessID='2312' ThreadID='34564'/><Channel>Microsoft-Windows-DriverFrameworks-UserMode/Operational</Channel><Computer>DESKTOP-JQBHE1O</Computer><Security UserID='S-1-5-19'/></System><UserData><UMDFHostDeviceRequest xmlns='http://www.microsoft.com/DriverFrameworks/UserMode/Event'><LifetimeId>{d2579334-3cf5-42d4-ac72-cbc209eb8796}</LifetimeId><InstanceId>HID\VID_0B05&amp;PID_19B6&amp;MI_00&amp;COL09\7&amp;8BFCE01&amp;0&amp;0008</InstanceId><RequestMajorCode>22</RequestMajorCode><RequestMinorCode>2</RequestMinorCode><Argument1>0x100000000</Argument1><Argument2>0x1</Argument2><Argument3>0x100000000</Argument3><Argument4>0x1</Argument4><Status>0</Status></UMDFHostDeviceRequest></UserData></Event><Event xmlns='http://schemas.microsoft.com/win/2004/08/events/event'><System><Provider Name='Microsoft-Windows-DriverFrameworks-UserMode' Guid='{2e35aaeb-857f-4beb-a418-2e6c0e54d988}'/><EventID>2106</EventID><Version>1</Version><Level>4</Level><Task>37</Task><Opcode>1</Opcode><Keywords>0x8000000000000000</Keywords><TimeCreated SystemTime='2026-03-25T02:53:43.9698141Z'/><EventRecordID>45</EventRecordID><Correlation/><Execution ProcessID='2312' ThreadID='34564'/><Channel>Microsoft-Windows-DriverFrameworks-UserMode/Operational</Channel><Computer>DESKTOP-JQBHE1O</Computer><Security UserID='S-1-5-19'/></System><UserData><UMDFHostDeviceRequest xmlns='http://www.microsoft.com/DriverFrameworks/UserMode/Event'><LifetimeId>{d2579334-3cf5-42d4-ac72-cbc209eb8796}</LifetimeId><InstanceId>HID\VID_0B05&amp;PID_19B6&amp;MI_00&amp;COL09\7&amp;8BFCE01&amp;0&amp;0008</InstanceId><RequestMajorCode>22</RequestMajorCode><RequestMinorCode>2</RequestMinorCode><Argument1>0x100000000</Argument1><Argument2>0x1</Argument2><Argument3>0x0</Argument3><Argument4>0x0</Argument4><Status>0</Status></UMDFHostDeviceRequest></UserData></Event><Event xmlns='http://schemas.microsoft.com/win/2004/08/events/event'><System><Provider Name='Microsoft-Windows-DriverFrameworks-UserMode' Guid='{2e35aaeb-857f-4beb-a418-2e6c0e54d988}'/><EventID>2105</EventID><Version>1</Version><Level>4</Level><Task>37</Task><Opcode>1</Opcode><Keywords>0x8000000000000000</Keywords><TimeCreated SystemTime='2026-03-25T02:53:43.9697630Z'/><EventRecordID>44</EventRecordID><Correlation/><Execution ProcessID='2312' ThreadID='7092'/><Channel>Microsoft-Windows-DriverFrameworks-UserMode/Operational</Channel><Computer>DESKTOP-JQBHE1O</Computer><Security UserID='S-1-5-19'/></System><UserData><UMDFHostDeviceRequest xmlns='http://www.microsoft.com/DriverFrameworks/UserMode/Event'><LifetimeId>{d2579334-3cf5-42d4-ac72-cbc209eb8796}</LifetimeId><InstanceId>HID\VID_0B05&amp;PID_19B6&amp;MI_00&amp;COL09\7&amp;8BFCE01&amp;0&amp;0008</InstanceId><RequestMajorCode>22</RequestMajorCode><RequestMinorCode>2</RequestMinorCode><Argument1>0x100000000</Argument1><Argument2>0x1</Argument2><Argument3>0x0</Argument3><Argument4>0x0</Argument4><Status>3221225659</Status></UMDFHostDeviceRequest></UserData></Event><Event xmlns='http://schemas.microsoft.com/win/2004/08/events/event'><System><Provider Name='Microsoft-Windows-DriverFrameworks-UserMode' Guid='{2e35aaeb-857f-4beb-a418-2e6c0e54d988}'/><EventID>2100</EventID><Version>1</Version><Level>4</Level><Task>37</Task><Opcode>1</Opcode><Keywords>0x8000000000000000</Keywords><TimeCreated SystemTime='2026-03-25T02:53:43.9697437Z'/><EventRecordID>43</EventRecordID><Correlation/><Execution ProcessID='2312' ThreadID='7092'/><Channel>Microsoft-Windows-DriverFrameworks-UserMode/Operational</Channel><Computer>DESKTOP-JQBHE1O</Computer><Security UserID='S-1-5-19'/></System><UserData><UMDFHostDeviceRequest xmlns='http://www.microsoft.com/DriverFrameworks/UserMode/Event'><LifetimeId>{d2579334-3cf5-42d4-ac72-cbc209eb8796}</LifetimeId><InstanceId>HID\VID_0B05&amp;PID_19B6&amp;MI_00&amp;COL09\7&amp;8BFCE01&amp;0&amp;0008</InstanceId><RequestMajorCode>22</RequestMajorCode><RequestMinorCode>2</RequestMinorCode><Argument1>0x100000000</Argument1><Argument2>0x1</Argument2><Argument3>0x0</Argument3><Argument4>0x0</Argument4><Status>3221225659</Status></UMDFHostDeviceRequest></UserData></Event><Event xmlns='http://schemas.microsoft.com/win/2004/08/events/event'><System><Provider Name='Microsoft-Windows-DriverFrameworks-UserMode' Guid='{2e35aaeb-857f-4beb-a418-2e6c0e54d988}'/><EventID>2102</EventID><Version>1</Version><Level>4</Level><Task>37</Task><Opcode>2</Opcode><Keywords>0x8000000000000000</Keywords><TimeCreated SystemTime='2026-03-25T02:53:05.2149431Z'/><EventRecordID>42</EventRecordID><Correlation/><Execution ProcessID='2312' ThreadID='7092'/><Channel>Microsoft-Windows-DriverFrameworks-UserMode/Operational</Channel><Computer>DESKTOP-JQBHE1O</Computer><Security UserID='S-1-5-19'/></System><UserData><UMDFHostDeviceRequest xmlns='http://www.microsoft.com/DriverFrameworks/UserMode/Event'><LifetimeId>{d2579334-3cf5-42d4-ac72-cbc209eb8796}</LifetimeId><InstanceId>HID\VID_0B05&amp;PID_19B6&amp;MI_00&amp;COL09\7&amp;8BFCE01&amp;0&amp;0008</InstanceId><RequestMajorCode>22</RequestMajorCode><RequestMinorCode>2</RequestMinorCode><Argument1>0x100000000</Argument1><Argument2>0x3</Argument2><Argument3>0x0</Argument3><Argument4>0x0</Argument4><Status>3221225659</Status></UMDFHostDeviceRequest></UserData></Event><Event xmlns='http://schemas.microsoft.com/win/2004/08/events/event'><System><Provider Name='Microsoft-Windows-DriverFrameworks-UserMode' Guid='{2e35aaeb-857f-4beb-a418-2e6c0e54d988}'/><EventID>2100</EventID><Version>1</Version><Level>4</Level><Task>37</Task><Opcode>1</Opcode><Keywords>0x8000000000000000</Keywords><TimeCreated SystemTime='2026-03-25T02:53:05.2148170Z'/><EventRecordID>41</EventRecordID><Correlation/><Execution ProcessID='2312' ThreadID='7092'/><Channel>Microsoft-Windows-DriverFrameworks-UserMode/Operational</Channel><Computer>DESKTOP-JQBHE1O</Computer><Security UserID='S-1-5-19'/></System><UserData><UMDFHostDeviceRequest xmlns='http://www.microsoft.com/DriverFrameworks/UserMode/Event'><LifetimeId>{d2579334-3cf5-42d4-ac72-cbc209eb8796}</LifetimeId><InstanceId>HID\VID_0B05&amp;PID_19B6&amp;MI_00&amp;COL09\7&amp;8BFCE01&amp;0&amp;0008</InstanceId><RequestMajorCode>22</RequestMajorCode><RequestMinorCode>2</RequestMinorCode><Argument1>0x100000000</Argument1><Argument2>0x3</Argument2><Argument3>0x0</Argument3><Argument4>0x0</Argument4><Status>3221225659</Status></UMDFHostDeviceRequest></UserData></Event><Event xmlns='http://schemas.microsoft.com/win/2004/08/events/event'><System><Provider Name='Microsoft-Windows-DriverFrameworks-UserMode' Guid='{2e35aaeb-857f-4beb-a418-2e6c0e54d988}'/><EventID>2101</EventID><Version>1</Version><Level>4</Level><Task>37</Task><Opcode>2</Opcode><Keywords>0x8000000000000000</Keywords><TimeCreated SystemTime='2026-03-25T02:53:00.1910621Z'/><EventRecordID>40</EventRecordID><Correlation/><Execution ProcessID='2312' ThreadID='7092'/><Channel>Microsoft-Windows-DriverFrameworks-UserMode/Operational</Channel><Computer>DESKTOP-JQBHE1O</Computer><Security UserID='S-1-5-19'/></System><UserData><UMDFHostDeviceRequest xmlns='http://www.microsoft.com/DriverFrameworks/UserMode/Event'><LifetimeId>{d2579334-3cf5-42d4-ac72-cbc209eb8796}</LifetimeId><InstanceId>HID\VID_0B05&amp;PID_19B6&amp;MI_00&amp;COL09\7&amp;8BFCE01&amp;0&amp;0008</InstanceId><RequestMajorCode>22</RequestMajorCode><RequestMinorCode>2</RequestMinorCode><Argument1>0x100000000</Argument1><Argument2>0x1</Argument2><Argument3>0x100000000</Argument3><Argument4>0x1</Argument4><Status>0</Status></UMDFHostDeviceRequest></UserData></Event><Event xmlns='http://schemas.microsoft.com/win/2004/08/events/event'><System><Provider Name='Microsoft-Windows-DriverFrameworks-UserMode' Guid='{2e35aaeb-857f-4beb-a418-2e6c0e54d988}'/><EventID>2106</EventID><Version>1</Version><Level>4</Level><Task>37</Task><Opcode>1</Opcode><Keywords>0x8000000000000000</Keywords><TimeCreated SystemTime='2026-03-25T02:53:00.1910195Z'/><EventRecordID>39</EventRecordID><Correlation/><Execution ProcessID='2312' ThreadID='7092'/><Channel>Microsoft-Windows-DriverFrameworks-UserMode/Operational</Channel><Computer>DESKTOP-JQBHE1O</Computer><Security UserID='S-1-5-19'/></System><UserData><UMDFHostDeviceRequest xmlns='http://www.microsoft.com/DriverFrameworks/UserMode/Event'><LifetimeId>{d2579334-3cf5-42d4-ac72-cbc209eb8796}</LifetimeId><InstanceId>HID\VID_0B05&amp;PID_19B6&amp;MI_00&amp;COL09\7&amp;8BFCE01&amp;0&amp;0008</InstanceId><RequestMajorCode>22</RequestMajorCode><RequestMinorCode>2</RequestMinorCode><Argument1>0x100000000</Argument1><Argument2>0x1</Argument2><Argument3>0x0</Argument3><Argument4>0x0</Argument4><Status>0</Status></UMDFHostDeviceRequest></UserData></Event><Event xmlns='http://schemas.microsoft.com/win/2004/08/events/event'><System><Provider Name='Microsoft-Windows-DriverFrameworks-UserMode' Guid='{2e35aaeb-857f-4beb-a418-2e6c0e54d988}'/><EventID>2105</EventID><Version>1</Version><Level>4</Level><Task>37</Task><Opcode>1</Opcode><Keywords>0x8000000000000000</Keywords><TimeCreated SystemTime='2026-03-25T02:53:00.1909945Z'/><EventRecordID>38</EventRecordID><Correlation/><Execution ProcessID='2312' ThreadID='34564'/><Channel>Microsoft-Windows-DriverFrameworks-UserMode/Operational</Channel><Computer>DESKTOP-JQBHE1O</Computer><Security UserID='S-1-5-19'/></System><UserData><UMDFHostDeviceRequest xmlns='http://www.microsoft.com/DriverFrameworks/UserMode/Event'><LifetimeId>{d2579334-3cf5-42d4-ac72-cbc209eb8796}</LifetimeId><InstanceId>HID\VID_0B05&amp;PID_19B6&amp;MI_00&amp;COL09\7&amp;8BFCE01&amp;0&amp;0008</InstanceId><RequestMajorCode>22</RequestMajorCode><RequestMinorCode>2</RequestMinorCode><Argument1>0x100000000</Argument1><Argument2>0x1</Argument2><Argument3>0x0</Argument3><Argument4>0x0</Argument4><Status>3221225659</Status></UMDFHostDeviceRequest></UserData></Event><Event xmlns='http://schemas.microsoft.com/win/2004/08/events/event'><System><Provider Name='Microsoft-Windows-DriverFrameworks-UserMode' Guid='{2e35aaeb-857f-4beb-a418-2e6c0e54d988}'/><EventID>2100</EventID><Version>1</Version><Level>4</Level><Task>37</Task><Opcode>1</Opcode><Keywords>0x8000000000000000</Keywords><TimeCreated SystemTime='2026-03-25T02:53:00.1909744Z'/><EventRecordID>37</EventRecordID><Correlation/><Execution ProcessID='2312' ThreadID='34564'/><Channel>Microsoft-Windows-DriverFrameworks-UserMode/Operational</Channel><Computer>DESKTOP-JQBHE1O</Computer><Security UserID='S-1-5-19'/></System><UserData><UMDFHostDeviceRequest xmlns='http://www.microsoft.com/DriverFrameworks/UserMode/Event'><LifetimeId>{d2579334-3cf5-42d4-ac72-cbc209eb8796}</LifetimeId><InstanceId>HID\VID_0B05&amp;PID_19B6&amp;MI_00&amp;COL09\7&amp;8BFCE01&amp;0&amp;0008</InstanceId><RequestMajorCode>22</RequestMajorCode><RequestMinorCode>2</RequestMinorCode><Argument1>0x100000000</Argument1><Argument2>0x1</Argument2><Argument3>0x0</Argument3><Argument4>0x0</Argument4><Status>3221225659</Status></UMDFHostDeviceRequest></UserData></Event><Event xmlns='http://schemas.microsoft.com/win/2004/08/events/event'><System><Provider Name='Microsoft-Windows-DriverFrameworks-UserMode' Guid='{2e35aaeb-857f-4beb-a418-2e6c0e54d988}'/><EventID>2102</EventID><Version>1</Version><Level>4</Level><Task>37</Task><Opcode>2</Opcode><Keywords>0x8000000000000000</Keywords><TimeCreated SystemTime='2026-03-25T02:52:01.4603024Z'/><EventRecordID>36</EventRecordID><Correlation/><Execution ProcessID='2312' ThreadID='34564'/><Channel>Microsoft-Windows-DriverFrameworks-UserMode/Operational</Channel><Computer>DESKTOP-JQBHE1O</Computer><Security UserID='S-1-5-19'/></System><UserData><UMDFHostDeviceRequest xmlns='http://www.microsoft.com/DriverFrameworks/UserMode/Event'><LifetimeId>{d2579334-3cf5-42d4-ac72-cbc209eb8796}</LifetimeId><InstanceId>HID\VID_0B05&amp;PID_19B6&amp;MI_00&amp;COL09\7&amp;8BFCE01&amp;0&amp;0008</InstanceId><RequestMajorCode>22</RequestMajorCode><RequestMinorCode>2</RequestMinorCode><Argument1>0x100000000</Argument1><Argument2>0x3</Argument2><Argument3>0x0</Argument3><Argument4>0x0</Argument4><Status>3221225659</Status></UMDFHostDeviceRequest></UserData></Event><Event xmlns='http://schemas.microsoft.com/win/2004/08/events/event'><System><Provider Name='Microsoft-Windows-DriverFrameworks-UserMode' Guid='{2e35aaeb-857f-4beb-a418-2e6c0e54d988}'/><EventID>2100</EventID><Version>1</Version><Level>4</Level><Task>37</Task><Opcode>1</Opcode><Keywords>0x8000000000000000</Keywords><TimeCreated SystemTime='2026-03-25T02:52:01.4602479Z'/><EventRecordID>35</EventRecordID><Correlation/><Execution ProcessID='2312' ThreadID='34564'/><Channel>Microsoft-Windows-DriverFrameworks-UserMode/Operational</Channel><Computer>DESKTOP-JQBHE1O</Computer><Security UserID='S-1-5-19'/></System><UserData><UMDFHostDeviceRequest xmlns='http://www.microsoft.com/DriverFrameworks/UserMode/Event'><LifetimeId>{d2579334-3cf5-42d4-ac72-cbc209eb8796}</LifetimeId><InstanceId>HID\VID_0B05&amp;PID_19B6&amp;MI_00&amp;COL09\7&amp;8BFCE01&amp;0&amp;0008</InstanceId><RequestMajorCode>22</RequestMajorCode><RequestMinorCode>2</RequestMinorCode><Argument1>0x100000000</Argument1><Argument2>0x3</Argument2><Argument3>0x0</Argument3><Argument4>0x0</Argument4><Status>3221225659</Status></UMDFHostDeviceRequest></UserData></Event></Events>